#
# A fatal error has been detected by the Java Runtime Environment:
#
#  EXCEPTION_UNCAUGHT_CXX_EXCEPTION (0xe06d7363) at pc=0x00007ffef47ccb69, pid=8724, tid=13628
#
# JRE version: OpenJDK Runtime Environment (11.0.2+9) (build 11.0.2+9)
# Java VM: OpenJDK 64-Bit Server VM (11.0.2+9, mixed mode, tiered, compressed oops, g1 gc, windows-amd64)
# Problematic frame:
# C  [KERNELBASE.dll+0x2cb69]
#
# No core dump will be written. Minidumps are not enabled by default on client versions of Windows
#
# If you would like to submit a bug report, please visit:
#   http://bugreport.java.com/bugreport/crash.jsp
# The crash happened outside the Java Virtual Machine in native code.
# See problematic frame for where to report the bug.
#

---------------  S U M M A R Y ------------

Command Line: -Dsun.java2d.pmoffscreen=false -Dhttps.protocols=TLSv1,TLSv1.1,TLSv1.2 -Dsun.java2d.xrender=false -Dsun.java2d.d3d=false -Dsun.awt.nopixfmt=true -Dsun.java2d.dpiaware=true -Dsun.java2d.uiScale.enabled=false -Xverify:none -Dswing.aatext=true -XX:-UsePerfData -Djdk.map.althashing.threshold=512 -XX:StringTableSize=4072 --add-opens=java.base/java.nio=ALL-UNNAMED --add-opens=java.desktop/sun.swing=ALL-UNNAMED --add-opens=java.desktop/javax.swing=ALL-UNNAMED --add-opens=java.desktop/javax.swing.tree=ALL-UNNAMED --add-opens=java.desktop/javax.swing.plaf.basic=ALL-UNNAMED --add-opens=java.desktop/javax.swing.plaf.synth=ALL-UNNAMED --add-opens=java.desktop/com.sun.awt=ALL-UNNAMED -XX:NewSize=60m -XX:MaxNewSize=60m -Xms256m -Xmx3072m -Xss5m 

Host: 11th Gen Intel(R) Core(TM) i5-11500 @ 2.70GHz, 12 cores, 15G,  Windows 10 , 64 bit Build 19041 (10.0.19041.2788)
Time: Tue Apr 25 01:19:19 2023 Eastern Daylight Time elapsed time: 8594 seconds (0d 2h 23m 14s)

---------------  T H R E A D  ---------------

Current thread (0x0000020ab58e1000):  JavaThread "AWT-EventQueue-0" [_thread_in_native, id=13628, stack(0x00000029e6d00000,0x00000029e7200000)]

Stack: [0x00000029e6d00000,0x00000029e7200000],  sp=0x00000029e71f6730,  free space=5081k
Native frames: (J=compiled Java code, j=interpreted, Vv=VM code, C=native code)
C  [KERNELBASE.dll+0x2cb69]
C  [VCRUNTIME140.dll+0x66c0]
C  [librdi_common.dll+0x6d93b6]
C  [MSVCP140.dll+0x129d1]
C  [ucrtbase.dll+0x6c87c]
C  [ucrtbase.dll+0x51e19]
C  [librdi_common.dll+0x966d03]
C  [librdi_common.dll+0x141139]
C  0x00007ffe37d55a19
C  0x0000020acb9e4dad

Java frames: (J=compiled Java code, j=interpreted, Vv=VM code)
J 24734  ui.data.labtools.lthwdatai.HWDevice_getName(J)Ljava/lang/String; (0 bytes) @ 0x0000020acb9e4d11 [0x0000020acb9e4cc0+0x0000000000000051]
J 24671 c1 ui.data.labtools.e.getName()Ljava/lang/String; (5 bytes) @ 0x0000020ac5fd1f94 [0x0000020ac5fd1ee0+0x00000000000000b4]
j  ui.views.cY.jrG()Ljava/lang/String;+11
j  ui.views.cc.jrG()Ljava/lang/String;+33
j  ui.views.cY.cy(Lui/data/bq;)V+29
j  ui.views.cY.jtA()V+41
j  ui.views.cc.jrL()V+1
j  ui.views.cc$$Lambda$535.run()V+4
J 15138 c2 java.awt.event.InvocationEvent.dispatch()V java.desktop@11.0.2 (69 bytes) @ 0x0000020acae72dac [0x0000020acae72bc0+0x00000000000001ec]
J 14967 c2 java.awt.EventQueue$4.run()Ljava/lang/Object; java.desktop@11.0.2 (5 bytes) @ 0x0000020acae10e1c [0x0000020acae10d60+0x00000000000000bc]
v  ~StubRoutines::call_stub
J 3989  java.security.AccessController.doPrivileged(Ljava/security/PrivilegedAction;Ljava/security/AccessControlContext;)Ljava/lang/Object; java.base@11.0.2 (0 bytes) @ 0x0000020aca482e36 [0x0000020aca482dc0+0x0000000000000076]
J 14966 c2 java.awt.EventQueue.dispatchEvent(Ljava/awt/AWTEvent;)V java.desktop@11.0.2 (80 bytes) @ 0x0000020acae101cc [0x0000020acae0fc40+0x000000000000058c]
J 14982 c2 ui.frmwork.a.d.dispatchEvent(Ljava/awt/AWTEvent;)V (42 bytes) @ 0x0000020acae168d4 [0x0000020acae167e0+0x00000000000000f4]
J 25160 c2 java.awt.EventDispatchThread.pumpEventsForFilter(ILjava/awt/Conditional;Ljava/awt/EventFilter;)V java.desktop@11.0.2 (47 bytes) @ 0x0000020acabbc2e0 [0x0000020acabbc040+0x00000000000002a0]
j  java.awt.EventDispatchThread.pumpEventsForFilter(Ljava/awt/Conditional;Ljava/awt/EventFilter;)V+4 java.desktop@11.0.2
j  java.awt.WaitDispatchSupport$2.run()V+59 java.desktop@11.0.2
j  java.awt.WaitDispatchSupport$4.run()Ljava/lang/Void;+4 java.desktop@11.0.2
j  java.awt.WaitDispatchSupport$4.run()Ljava/lang/Object;+1 java.desktop@11.0.2
v  ~StubRoutines::call_stub
J 1348  java.security.AccessController.doPrivileged(Ljava/security/PrivilegedAction;)Ljava/lang/Object; java.base@11.0.2 (0 bytes) @ 0x0000020aca2f3622 [0x0000020aca2f35c0+0x0000000000000062]
j  java.awt.WaitDispatchSupport.enter()Z+260 java.desktop@11.0.2
j  java.awt.Dialog.show()V+224 java.desktop@11.0.2
J 30597 c1 ui.dlg.c.g.setVisible(Z)V (15 bytes) @ 0x0000020ac3b0e964 [0x0000020ac3b0e6a0+0x00000000000002c4]
j  ui.dlg.c.bz.bIK()V+65
j  ui.dlg.c.bH.actionPerformed(Ljava/awt/event/ActionEvent;)V+8
j  ui.dlg.c.bz.fBW()V+388
j  ui.views.c.t.b.f.run()V+4
j  ui.views.Q.Y.a(Ljava/lang/String;ZLjava/lang/Runnable;Ljava/lang/Runnable;)Z+275
j  ui.views.Q.Y.a(Ljava/lang/String;Ljava/lang/Runnable;Ljava/lang/Runnable;)Z+5
j  ui.views.Q.Y.c(Ljava/lang/String;Ljava/lang/Runnable;)Z+4
j  ui.views.c.t.b.d.b(Lui/data/design/D;Ljava/lang/String;Ljava/lang/String;)V+472
j  ui.views.c.t.b.d.E(Lui/data/design/D;)V+6
j  ui.views.c.t.b.d.F(Lui/data/design/D;)V+130
j  ui.views.c.t.b.d.run()V+249
j  ui.frmwork.cmd.a.hFd()Z+77
j  ui.utils.ak.actionPerformed(Ljava/awt/event/ActionEvent;)V+4
j  javax.swing.AbstractButton.fireActionPerformed(Ljava/awt/event/ActionEvent;)V+83 java.desktop@11.0.2
j  javax.swing.AbstractButton$Handler.actionPerformed(Ljava/awt/event/ActionEvent;)V+5 java.desktop@11.0.2
J 33159 c1 javax.swing.DefaultButtonModel.fireActionPerformed(Ljava/awt/event/ActionEvent;)V java.desktop@11.0.2 (46 bytes) @ 0x0000020ac6428754 [0x0000020ac6428480+0x00000000000002d4]
J 29731 c1 javax.swing.DefaultButtonModel.setPressed(Z)V java.desktop@11.0.2 (125 bytes) @ 0x0000020ac3d293a4 [0x0000020ac3d28400+0x0000000000000fa4]
j  javax.swing.AbstractButton.doClick(I)V+60 java.desktop@11.0.2
j  javax.swing.plaf.basic.BasicMenuItemUI.doClick(Ljavax/swing/MenuSelectionManager;)V+47 java.desktop@11.0.2
j  javax.swing.plaf.basic.BasicMenuItemUI$Handler.mouseReleased(Ljava/awt/event/MouseEvent;)V+76 java.desktop@11.0.2
J 23481 c1 java.awt.AWTEventMulticaster.mouseReleased(Ljava/awt/event/MouseEvent;)V java.desktop@11.0.2 (27 bytes) @ 0x0000020ac5ca042c [0x0000020ac5ca0200+0x000000000000022c]
J 30338 c2 javax.swing.JComponent.processMouseEvent(Ljava/awt/event/MouseEvent;)V java.desktop@11.0.2 (27 bytes) @ 0x0000020acb556ef8 [0x0000020acb556b20+0x00000000000003d8]
J 32426 c2 java.awt.Container.processEvent(Ljava/awt/AWTEvent;)V java.desktop@11.0.2 (22 bytes) @ 0x0000020acc050508 [0x0000020acc04e9a0+0x0000000000001b68]
J 30674 c2 java.awt.Component.dispatchEventImpl(Ljava/awt/AWTEvent;)V java.desktop@11.0.2 (777 bytes) @ 0x0000020acbb4bf74 [0x0000020acbb4b3c0+0x0000000000000bb4]
J 29087 c2 java.awt.Container.dispatchEventImpl(Ljava/awt/AWTEvent;)V java.desktop@11.0.2 (129 bytes) @ 0x0000020acbdd4610 [0x0000020acbdd45a0+0x0000000000000070]
J 17274 c2 java.awt.LightweightDispatcher.retargetMouseEvent(Ljava/awt/Component;ILjava/awt/event/MouseEvent;)V java.desktop@11.0.2 (372 bytes) @ 0x0000020aca7d2d1c [0x0000020aca7d2780+0x000000000000059c]
J 29087 c2 java.awt.Container.dispatchEventImpl(Ljava/awt/AWTEvent;)V java.desktop@11.0.2 (129 bytes) @ 0x0000020acbdd5bb8 [0x0000020acbdd45a0+0x0000000000001618]
J 24821 c2 java.awt.Window.dispatchEventImpl(Ljava/awt/AWTEvent;)V java.desktop@11.0.2 (23 bytes) @ 0x0000020aca60340c [0x0000020aca6033c0+0x000000000000004c]
J 14967 c2 java.awt.EventQueue$4.run()Ljava/lang/Object; java.desktop@11.0.2 (5 bytes) @ 0x0000020acae10eac [0x0000020acae10d60+0x000000000000014c]
v  ~StubRoutines::call_stub
J 3989  java.security.AccessController.doPrivileged(Ljava/security/PrivilegedAction;Ljava/security/AccessControlContext;)Ljava/lang/Object; java.base@11.0.2 (0 bytes) @ 0x0000020aca482e36 [0x0000020aca482dc0+0x0000000000000076]
J 19345 c2 java.awt.EventQueue$5.run()Ljava/lang/Object; java.desktop@11.0.2 (5 bytes) @ 0x0000020acb37c2f4 [0x0000020acb37c080+0x0000000000000274]
v  ~StubRoutines::call_stub
J 3989  java.security.AccessController.doPrivileged(Ljava/security/PrivilegedAction;Ljava/security/AccessControlContext;)Ljava/lang/Object; java.base@11.0.2 (0 bytes) @ 0x0000020aca482e36 [0x0000020aca482dc0+0x0000000000000076]
J 14966 c2 java.awt.EventQueue.dispatchEvent(Ljava/awt/AWTEvent;)V java.desktop@11.0.2 (80 bytes) @ 0x0000020acae0ffe8 [0x0000020acae0fc40+0x00000000000003a8]
J 14982 c2 ui.frmwork.a.d.dispatchEvent(Ljava/awt/AWTEvent;)V (42 bytes) @ 0x0000020acae168d4 [0x0000020acae167e0+0x00000000000000f4]
J 24898% c2 java.awt.EventDispatchThread.pumpEventsForFilter(ILjava/awt/Conditional;Ljava/awt/EventFilter;)V java.desktop@11.0.2 (47 bytes) @ 0x0000020aca7bcc58 [0x0000020aca7bc940+0x0000000000000318]
j  java.awt.EventDispatchThread.pumpEventsForHierarchy(ILjava/awt/Conditional;Ljava/awt/Component;)V+11 java.desktop@11.0.2
j  java.awt.EventDispatchThread.pumpEvents(ILjava/awt/Conditional;)V+4 java.desktop@11.0.2
j  java.awt.EventDispatchThread.pumpEvents(Ljava/awt/Conditional;)V+3 java.desktop@11.0.2
j  java.awt.EventDispatchThread.run()V+9 java.desktop@11.0.2
v  ~StubRoutines::call_stub

siginfo: EXCEPTION_UNCAUGHT_CXX_EXCEPTION (0xe06d7363), ExceptionInformation=0x0000000019930520 0x00000029e71f6890 0x00007ffe894f4898 0x00007ffe886a0000 


Register to memory mapping:

RIP=0x00007ffef47ccb69 KERNELBASE.dll
RAX=0x00007ffe8a884f68 jvm.dll
RBX=0x00007ffe894f4898 librdi_common.dll
RCX=0x0000020abc9fdf28 points into unknown readable memory: e8 e6 5c 53 07 00 00 00
RDX=0x0000020ab3e91180 points into unknown readable memory: b4 e2 f5 48 0b 02 00 00
RSP=0x00000029e71f6730 is pointing into the stack for thread: 0x0000020ab58e1000
RBP=0x000009480000b4be is an unknown value
RSI=0x00000029e71f6890 is pointing into the stack for thread: 0x0000020ab58e1000
RDI=0x0000000019930520 is an unknown value
R8 =0x0000020abc9fdf20 points into unknown readable memory: 78 28 ae 40 07 00 00 00
R9 =0x0000000000000005 is an unknown value
R10=0x00000029e71f8a60 is pointing into the stack for thread: 0x0000020ab58e1000
R11=0x00000008eccba4c0 is an unknown value
R12=0x0 is NULL
R13=0x00000029e71f6db0 is pointing into the stack for thread: 0x0000020ab58e1000
R14=0x00000029e71f6c90 is pointing into the stack for thread: 0x0000020ab58e1000
R15=0x0000020ae52e97c0 points into unknown readable memory: 30 8a 49 e8 fe 7f 00 00


Registers:
RAX=0x00007ffe8a884f68, RBX=0x00007ffe894f4898, RCX=0x0000020abc9fdf28, RDX=0x0000020ab3e91180
RSP=0x00000029e71f6730, RBP=0x000009480000b4be, RSI=0x00000029e71f6890, RDI=0x0000000019930520
R8 =0x0000020abc9fdf20, R9 =0x0000000000000005, R10=0x00000029e71f8a60, R11=0x00000008eccba4c0
R12=0x0000000000000000, R13=0x00000029e71f6db0, R14=0x00000029e71f6c90, R15=0x0000020ae52e97c0
RIP=0x00007ffef47ccb69, EFLAGS=0x0000000000000206

Top of Stack: (sp=0x00000029e71f6730)
0x00000029e71f6730:   0000000000000000 00007ffe894f4898
0x00000029e71f6740:   00000029e71f6890 0000020a97ad0000
0x00000029e71f6750:   00000001e06d7363 0000000000000000
0x00000029e71f6760:   00007ffef47ccb69 00007ffe00000004
0x00000029e71f6770:   0000000019930520 00000029e71f6890
0x00000029e71f6780:   00007ffe894f4898 00007ffe886a0000
0x00000029e71f6790:   00000029e71f6db0 0000000000000000
0x00000029e71f67a0:   00000029e71f6890 000009480000b4be
0x00000029e71f67b0:   00000029e71f6830 00007ffef6aa4a5f
0x00000029e71f67c0:   0000000019930520 00007ffe00000000
0x00000029e71f67d0:   0000020ae52e97c0 00000029e71f6c90
0x00000029e71f67e0:   00007ffe89898000 00007ffe886a0000
0x00000029e71f67f0:   0000d33c3bf481a0 00007ffef6a947b1
0x00000029e71f6800:   00007ffe894f4898 00007ffee85066c0
0x00000029e71f6810:   000009480000b4be 0000000000000000
0x00000029e71f6820:   0000000000000000 000009500000b518 

Instructions: (pc=0x00007ffef47ccb69)
0x00007ffef47ccb49:   8b d1 44 0f 47 c0 44 89 44 24 38 49 c1 e0 03 e8
0x00007ffef47ccb59:   8a 38 07 00 48 8d 4c 24 20 48 ff 15 7f 1f 1a 00
0x00007ffef47ccb69:   0f 1f 44 00 00 48 8b 8c 24 c0 00 00 00 48 33 cc
0x00007ffef47ccb79:   e8 92 85 06 00 48 81 c4 d8 00 00 00 c3 cc 83 64 


Stack slot to memory mapping:
stack at sp + 0 slots: 0x0 is NULL
stack at sp + 1 slots: 0x00007ffe894f4898 librdi_common.dll
stack at sp + 2 slots: 0x00000029e71f6890 is pointing into the stack for thread: 0x0000020ab58e1000
stack at sp + 3 slots: 0x0000020a97ad0000 points into unknown readable memory: 00 00 00 00 00 00 00 00
stack at sp + 4 slots: 0x00000001e06d7363 is an unknown value
stack at sp + 5 slots: 0x0 is NULL
stack at sp + 6 slots: 0x00007ffef47ccb69 KERNELBASE.dll
stack at sp + 7 slots: 0x00007ffe00000004 is an unknown value


---------------  P R O C E S S  ---------------

Threads class SMR info:
_java_thread_list=0x0000020b659112b0, length=47, elements={
0x0000020ae81d8800, 0x0000020ae902a800, 0x0000020aa3146800, 0x0000020abac29800,
0x0000020abac2a000, 0x0000020ae63b8800, 0x0000020a9eb8b000, 0x0000020ae7f77800,
0x0000020ae9181000, 0x0000020ae738d800, 0x0000020aa3816800, 0x0000020ae8e95800,
0x0000020ae8e00800, 0x0000020ab482b800, 0x0000020ab58e1000, 0x0000020ab47b5800,
0x0000020ab6743800, 0x0000020aa39a3000, 0x0000020ab54de800, 0x0000020ab54df000,
0x0000020ab54e0000, 0x0000020ab54dc000, 0x0000020ab54da000, 0x0000020ab54dd800,
0x0000020ad7458800, 0x0000020ad7459800, 0x0000020ad7457000, 0x0000020ad7457800,
0x0000020ad7455800, 0x0000020ad7456000, 0x0000020ad19d6000, 0x0000020ad19d6800,
0x0000020ad19da000, 0x0000020ad19dc800, 0x0000020ad19dd800, 0x0000020ad19d8800,
0x0000020ad19df000, 0x0000020ad19d9000, 0x0000020ad19e4000, 0x0000020ad19d7800,
0x0000020b4366c000, 0x0000020b4366b000, 0x0000020b4366c800, 0x0000020b4366d800,
0x0000020b91277800, 0x0000020b91275800, 0x0000020b91282800
}

Java Threads: ( => current thread )
  0x0000020ae81d8800 JavaThread "main" [_thread_blocked, id=6364, stack(0x00000029e1d00000,0x00000029e1e00000)]
  0x0000020ae902a800 JavaThread "Reference Handler" daemon [_thread_blocked, id=7924, stack(0x00000029e2400000,0x00000029e2900000)]
  0x0000020aa3146800 JavaThread "Finalizer" daemon [_thread_blocked, id=10196, stack(0x00000029e2900000,0x00000029e2e00000)]
  0x0000020abac29800 JavaThread "Signal Dispatcher" daemon [_thread_blocked, id=692, stack(0x00000029e2e00000,0x00000029e3300000)]
  0x0000020abac2a000 JavaThread "Attach Listener" daemon [_thread_blocked, id=1472, stack(0x00000029e3300000,0x00000029e3800000)]
  0x0000020ae63b8800 JavaThread "C2 CompilerThread0" daemon [_thread_blocked, id=10664, stack(0x00000029e3800000,0x00000029e3900000)]
  0x0000020a9eb8b000 JavaThread "C1 CompilerThread0" daemon [_thread_blocked, id=156, stack(0x00000029e3900000,0x00000029e3a00000)]
  0x0000020ae7f77800 JavaThread "Sweeper thread" daemon [_thread_blocked, id=10080, stack(0x00000029e3a00000,0x00000029e3f00000)]
  0x0000020ae9181000 JavaThread "Common-Cleaner" daemon [_thread_blocked, id=7124, stack(0x00000029e3f00000,0x00000029e4400000)]
  0x0000020ae738d800 JavaThread "Service Thread" daemon [_thread_blocked, id=7648, stack(0x00000029e4400000,0x00000029e4900000)]
  0x0000020aa3816800 JavaThread "Java2D Disposer" daemon [_thread_blocked, id=10556, stack(0x00000029e4a00000,0x00000029e4f00000)]
  0x0000020ae8e95800 JavaThread "AWT-Shutdown" [_thread_blocked, id=8180, stack(0x00000029e4f00000,0x00000029e5400000)]
  0x0000020ae8e00800 JavaThread "AWT-Windows" daemon [_thread_in_native, id=6196, stack(0x00000029e5400000,0x00000029e5900000)]
  0x0000020ab482b800 JavaThread "TimerQueue" daemon [_thread_blocked, id=2292, stack(0x00000029e6300000,0x00000029e6800000)]
=>0x0000020ab58e1000 JavaThread "AWT-EventQueue-0" [_thread_in_native, id=13628, stack(0x00000029e6d00000,0x00000029e7200000)]
  0x0000020ab47b5800 JavaThread "Thread-1" [_thread_in_native, id=3792, stack(0x00000029e0700000,0x00000029e1b00000)]
  0x0000020ab6743800 JavaThread "Process Messages Thread" [_thread_blocked, id=3120, stack(0x00000029e7700000,0x00000029e7c00000)]
  0x0000020aa39a3000 JavaThread "Batik CleanerThread" daemon [_thread_blocked, id=13932, stack(0x00000029e7200000,0x00000029e7700000)]
  0x0000020ab54de800 JavaThread "SyntheticaCleanerThread" daemon [_thread_blocked, id=13892, stack(0x00000029e8700000,0x00000029e8c00000)]
  0x0000020ab54df000 JavaThread "Monitor HEventQueue Thread" [_thread_blocked, id=2000, stack(0x00000029e8f00000,0x00000029e9400000)]
  0x0000020ab54e0000 JavaThread "SyntheticaAnimation 50" daemon [_thread_blocked, id=3780, stack(0x00000029e9400000,0x00000029e9900000)]
  0x0000020ab54dc000 JavaThread "SyntheticaAnimation 25" daemon [_thread_blocked, id=10852, stack(0x00000029e9a00000,0x00000029e9f00000)]
  0x0000020ab54da000 JavaThread "Swing-Shell" daemon [_thread_blocked, id=12576, stack(0x00000029e9f00000,0x00000029ea400000)]
  0x0000020ab54dd800 JavaThread "SyntheticaAnimation 70" daemon [_thread_blocked, id=8628, stack(0x00000029ea900000,0x00000029eae00000)]
  0x0000020ad7458800 JavaThread "Refresh Filesets Swing Worker Thread" [_thread_blocked, id=11848, stack(0x00000029eae00000,0x00000029eb300000)]
  0x0000020ad7459800 JavaThread "Thread-17" [_thread_blocked, id=9792, stack(0x00000029eb300000,0x00000029eb800000)]
  0x0000020ad7457000 JavaThread "OutputGobbler" daemon [_thread_in_native, id=10024, stack(0x00000029eb800000,0x00000029ebd00000)]
  0x0000020ad7457800 JavaThread "ErrorGobbler" daemon [_thread_in_native, id=13568, stack(0x00000029ebd00000,0x00000029ec200000)]
  0x0000020ad7455800 JavaThread "hw_ila_monitor" [_thread_blocked, id=11464, stack(0x00000029ecc00000,0x00000029ed100000)]
  0x0000020ad7456000 JavaThread "pool-3-thread-1" [_thread_blocked, id=9788, stack(0x00000029ed600000,0x00000029edb00000)]
  0x0000020ad19d6000 JavaThread "pool-4-thread-1" [_thread_blocked, id=9120, stack(0x00000029edb00000,0x00000029ee000000)]
  0x0000020ad19d6800 JavaThread "pool-5-thread-1" [_thread_blocked, id=1020, stack(0x00000029ee000000,0x00000029ee500000)]
  0x0000020ad19da000 JavaThread "Update Runs Swing Worker Thread" [_thread_blocked, id=3068, stack(0x00000029eea00000,0x00000029eef00000)]
  0x0000020ad19dc800 JavaThread "Watchdog Thread for com.sigasi.lsp.server.BootstrappedLspServer" daemon [_thread_blocked, id=12356, stack(0x00000029ee500000,0x00000029eea00000)]
  0x0000020ad19dd800 JavaThread "Life support thread" daemon [_thread_blocked, id=6756, stack(0x00000029ec200000,0x00000029ec700000)]
  0x0000020ad19d8800 JavaThread "Protocol translation thread 0" [_thread_in_native, id=9316, stack(0x00000029eef00000,0x00000029ef400000)]
  0x0000020ad19df000 JavaThread "pool-7-thread-1" [_thread_blocked, id=5132, stack(0x00000029ef400000,0x00000029ef900000)]
  0x0000020ad19d9000 JavaThread "EMF Reference Cleaner" daemon [_thread_blocked, id=10860, stack(0x00000029ef900000,0x00000029efe00000)]
  0x0000020ad19e4000 JavaThread "SyntheticaAnimation 50" daemon [_thread_blocked, id=8168, stack(0x00000029e6800000,0x00000029e6d00000)]
  0x0000020ad19d7800 JavaThread "pool-8-thread-1" [_thread_blocked, id=9224, stack(0x00000029ea400000,0x00000029ea900000)]
  0x0000020b4366c000 JavaThread "Thread-2228" [_thread_in_native, id=14080, stack(0x00000029e8e00000,0x00000029e8f00000)]
  0x0000020b4366b000 JavaThread "SyntheticaAnimation 50" daemon [_thread_blocked, id=8468, stack(0x00000029efe00000,0x00000029f0300000)]
  0x0000020b4366c800 JavaThread "Thread-7787" [_thread_in_native, id=9032, stack(0x00000029e8e00000,0x00000029e8f00000)]
  0x0000020b4366d800 JavaThread "ForkJoinPool.commonPool-worker-29" daemon [_thread_blocked, id=14120, stack(0x00000029f0800000,0x00000029f0d00000)]
  0x0000020b91277800 JavaThread "ForkJoinPool.commonPool-worker-11" daemon [_thread_blocked, id=12908, stack(0x00000029f0300000,0x00000029f0800000)]
  0x0000020b91275800 JavaThread "ForkJoinPool.commonPool-worker-31" daemon [_thread_blocked, id=10016, stack(0x00000029f1000000,0x00000029f1500000)]
  0x0000020b91282800 JavaThread "Run Simulation Thread" [_thread_blocked, id=11284, stack(0x00000029f1500000,0x00000029f1a00000)]

Other Threads:
  0x0000020ae7b46800 VMThread "VM Thread" [stack: 0x00000029e2300000,0x00000029e2400000] [id=6796]
  0x0000020ae8e53800 WatcherThread [stack: 0x00000029e4900000,0x00000029e4a00000] [id=10688]
  0x0000020a99ae7800 GCTaskThread "GC Thread#0" [stack: 0x00000029e1e00000,0x00000029e1f00000] [id=8016]
  0x0000020ab4ae5800 GCTaskThread "GC Thread#1" [stack: 0x00000029e5b00000,0x00000029e5c00000] [id=13428]
  0x0000020ab3e91800 GCTaskThread "GC Thread#2" [stack: 0x00000029e5c00000,0x00000029e5d00000] [id=8288]
  0x0000020ab3e54800 GCTaskThread "GC Thread#3" [stack: 0x00000029e5d00000,0x00000029e5e00000] [id=13324]
  0x0000020aa3bad000 GCTaskThread "GC Thread#4" [stack: 0x00000029e5e00000,0x00000029e5f00000] [id=12472]
  0x0000020ab3c79000 GCTaskThread "GC Thread#5" [stack: 0x00000029e5f00000,0x00000029e6000000] [id=8788]
  0x0000020ab533d800 GCTaskThread "GC Thread#6" [stack: 0x00000029e7c00000,0x00000029e7d00000] [id=8348]
  0x0000020ab533e800 GCTaskThread "GC Thread#7" [stack: 0x00000029e7d00000,0x00000029e7e00000] [id=7320]
  0x0000020ab4376000 GCTaskThread "GC Thread#8" [stack: 0x00000029e7e00000,0x00000029e7f00000] [id=13512]
  0x0000020ab64c2800 GCTaskThread "GC Thread#9" [stack: 0x00000029e7f00000,0x00000029e8000000] [id=9132]
  0x0000020ae929f800 ConcurrentGCThread "G1 Main Marker" [stack: 0x00000029e1f00000,0x00000029e2000000] [id=8420]
  0x0000020ae8353000 ConcurrentGCThread "G1 Conc#0" [stack: 0x00000029e2000000,0x00000029e2100000] [id=11792]
  0x0000020aa3901800 ConcurrentGCThread "G1 Conc#1" [stack: 0x00000029e8000000,0x00000029e8100000] [id=5464]
  0x0000020ab4b5e000 ConcurrentGCThread "G1 Conc#2" [stack: 0x00000029e8100000,0x00000029e8200000] [id=9928]
  0x0000020abc78e800 ConcurrentGCThread "G1 Refine#0" [stack: 0x00000029e2100000,0x00000029e2200000] [id=9208]
  0x0000020ab44b4000 ConcurrentGCThread "G1 Refine#1" [stack: 0x00000029e6000000,0x00000029e6100000] [id=2700]
  0x0000020ab39e0800 ConcurrentGCThread "G1 Refine#2" [stack: 0x00000029e6100000,0x00000029e6200000] [id=10648]
  0x0000020ab39e1000 ConcurrentGCThread "G1 Refine#3" [stack: 0x00000029e6200000,0x00000029e6300000] [id=8056]
  0x0000020ab5241800 ConcurrentGCThread "G1 Refine#4" [stack: 0x00000029e9900000,0x00000029e9a00000] [id=14072]
  0x0000020aa3244800 ConcurrentGCThread "G1 Young RemSet Sampling" [stack: 0x00000029e2200000,0x00000029e2300000] [id=12020]

Threads with active compile tasks:

VM state:not at safepoint (normal execution)

VM Mutex/Monitor currently owned by a thread: None

Heap address: 0x0000000740000000, size: 3072 MB, Compressed Oops mode: Zero based, Oop shift amount: 3
Narrow klass base: 0x0000000800000000, Narrow klass shift: 0
Compressed class space size: 1073741824 Address: 0x0000000800000000

Heap:
 garbage-first heap   total 333824K, used 220930K [0x0000000740000000, 0x0000000800000000)
  region size 1024K, 22 young (22528K), 4 survivors (4096K)
 Metaspace       used 128364K, capacity 130171K, committed 132988K, reserved 1163264K
  class space    used 17532K, capacity 18278K, committed 19328K, reserved 1048576K
Heap Regions: E=young(eden), S=young(survivor), O=old, HS=humongous(starts), HC=humongous(continues), CS=collection set, F=free, A=archive, TAMS=top-at-mark-start (previous, next)
|   0|0x0000000740000000, 0x0000000740100000, 0x0000000740100000|100%|HS|  |TAMS 0x0000000740100000, 0x0000000740000000| Complete 
|   1|0x0000000740100000, 0x0000000740200000, 0x0000000740200000|100%|HC|  |TAMS 0x0000000740200000, 0x0000000740100000| Complete 
|   2|0x0000000740200000, 0x0000000740300000, 0x0000000740300000|100%|HS|  |TAMS 0x0000000740300000, 0x0000000740200000| Complete 
|   3|0x0000000740300000, 0x00000007403fc608, 0x0000000740400000| 98%| O|  |TAMS 0x00000007403fc608, 0x0000000740300000| Untracked 
|   4|0x0000000740400000, 0x00000007404ff9c0, 0x0000000740500000| 99%| O|  |TAMS 0x00000007404ff9c0, 0x0000000740400000| Untracked 
|   5|0x0000000740500000, 0x0000000740600000, 0x0000000740600000|100%| O|  |TAMS 0x0000000740600000, 0x0000000740500000| Untracked 
|   6|0x0000000740600000, 0x00000007406ffff8, 0x0000000740700000| 99%| O|  |TAMS 0x00000007406ffff8, 0x0000000740600000| Untracked 
|   7|0x0000000740700000, 0x00000007407ffff8, 0x0000000740800000| 99%| O|  |TAMS 0x00000007407ffff8, 0x0000000740700000| Untracked 
|   8|0x0000000740800000, 0x00000007408ffff8, 0x0000000740900000| 99%| O|  |TAMS 0x00000007408ffff8, 0x0000000740800000| Untracked 
|   9|0x0000000740900000, 0x00000007409ffff0, 0x0000000740a00000| 99%| O|  |TAMS 0x00000007409ffff0, 0x0000000740900000| Untracked 
|  10|0x0000000740a00000, 0x0000000740affff0, 0x0000000740b00000| 99%| O|  |TAMS 0x0000000740affff0, 0x0000000740a00000| Untracked 
|  11|0x0000000740b00000, 0x0000000740c00000, 0x0000000740c00000|100%| O|  |TAMS 0x0000000740c00000, 0x0000000740b00000| Untracked 
|  12|0x0000000740c00000, 0x0000000740d00000, 0x0000000740d00000|100%| O|  |TAMS 0x0000000740d00000, 0x0000000740c00000| Untracked 
|  13|0x0000000740d00000, 0x0000000740dffff8, 0x0000000740e00000| 99%| O|  |TAMS 0x0000000740dffff8, 0x0000000740d00000| Untracked 
|  14|0x0000000740e00000, 0x0000000740efffc8, 0x0000000740f00000| 99%| O|  |TAMS 0x0000000740efffc8, 0x0000000740e00000| Untracked 
|  15|0x0000000740f00000, 0x0000000740fffff8, 0x0000000741000000| 99%| O|  |TAMS 0x0000000740fffff8, 0x0000000740f00000| Untracked 
|  16|0x0000000741000000, 0x00000007410fffb0, 0x0000000741100000| 99%| O|  |TAMS 0x00000007410fffb0, 0x0000000741000000| Untracked 
|  17|0x0000000741100000, 0x00000007411fffe0, 0x0000000741200000| 99%| O|  |TAMS 0x00000007411fffe0, 0x0000000741100000| Untracked 
|  18|0x0000000741200000, 0x0000000741300000, 0x0000000741300000|100%| O|  |TAMS 0x0000000741300000, 0x0000000741200000| Untracked 
|  19|0x0000000741300000, 0x0000000741400000, 0x0000000741400000|100%| O|  |TAMS 0x0000000741400000, 0x0000000741300000| Untracked 
|  20|0x0000000741400000, 0x00000007414fffe8, 0x0000000741500000| 99%| O|  |TAMS 0x00000007414fffe8, 0x0000000741400000| Untracked 
|  21|0x0000000741500000, 0x0000000741600000, 0x0000000741600000|100%| O|  |TAMS 0x0000000741600000, 0x0000000741500000| Untracked 
|  22|0x0000000741600000, 0x00000007416ffa68, 0x0000000741700000| 99%| O|  |TAMS 0x00000007416ffa68, 0x0000000741600000| Untracked 
|  23|0x0000000741700000, 0x00000007417ffff8, 0x0000000741800000| 99%| O|  |TAMS 0x00000007417ffff8, 0x0000000741700000| Untracked 
|  24|0x0000000741800000, 0x00000007418fffe8, 0x0000000741900000| 99%| O|  |TAMS 0x00000007418fffe8, 0x0000000741800000| Untracked 
|  25|0x0000000741900000, 0x0000000741a00000, 0x0000000741a00000|100%| O|  |TAMS 0x0000000741a00000, 0x0000000741900000| Untracked 
|  26|0x0000000741a00000, 0x0000000741afffd0, 0x0000000741b00000| 99%| O|  |TAMS 0x0000000741afffd0, 0x0000000741a00000| Untracked 
|  27|0x0000000741b00000, 0x0000000741bffff8, 0x0000000741c00000| 99%| O|  |TAMS 0x0000000741bffff8, 0x0000000741b00000| Untracked 
|  28|0x0000000741c00000, 0x0000000741cffff0, 0x0000000741d00000| 99%| O|  |TAMS 0x0000000741cffff0, 0x0000000741c00000| Untracked 
|  29|0x0000000741d00000, 0x0000000741dffeb8, 0x0000000741e00000| 99%| O|  |TAMS 0x0000000741dffeb8, 0x0000000741d00000| Untracked 
|  30|0x0000000741e00000, 0x0000000741f00000, 0x0000000741f00000|100%| O|  |TAMS 0x0000000741f00000, 0x0000000741e00000| Untracked 
|  31|0x0000000741f00000, 0x0000000741ffffd8, 0x0000000742000000| 99%| O|  |TAMS 0x0000000741ffffd8, 0x0000000741f00000| Untracked 
|  32|0x0000000742000000, 0x0000000742100000, 0x0000000742100000|100%| O|  |TAMS 0x0000000742100000, 0x0000000742000000| Untracked 
|  33|0x0000000742100000, 0x00000007421ffe78, 0x0000000742200000| 99%| O|  |TAMS 0x00000007421ffe78, 0x0000000742100000| Untracked 
|  34|0x0000000742200000, 0x00000007422fffb8, 0x0000000742300000| 99%| O|  |TAMS 0x00000007422fffb8, 0x0000000742200000| Untracked 
|  35|0x0000000742300000, 0x00000007423ffff0, 0x0000000742400000| 99%| O|  |TAMS 0x00000007423ffff0, 0x0000000742300000| Untracked 
|  36|0x0000000742400000, 0x00000007424fffe0, 0x0000000742500000| 99%| O|  |TAMS 0x00000007424fffe0, 0x0000000742400000| Untracked 
|  37|0x0000000742500000, 0x00000007425fffc8, 0x0000000742600000| 99%| O|  |TAMS 0x00000007425fffc8, 0x0000000742500000| Untracked 
|  38|0x0000000742600000, 0x00000007426ffff0, 0x0000000742700000| 99%| O|  |TAMS 0x00000007426ffff0, 0x0000000742600000| Untracked 
|  39|0x0000000742700000, 0x0000000742800000, 0x0000000742800000|100%| O|  |TAMS 0x0000000742800000, 0x0000000742700000| Untracked 
|  40|0x0000000742800000, 0x00000007428ffff8, 0x0000000742900000| 99%| O|  |TAMS 0x00000007428ffff8, 0x0000000742800000| Untracked 
|  41|0x0000000742900000, 0x00000007429ffff8, 0x0000000742a00000| 99%| O|  |TAMS 0x00000007429ffff8, 0x0000000742900000| Untracked 
|  42|0x0000000742a00000, 0x0000000742aff850, 0x0000000742b00000| 99%| O|  |TAMS 0x0000000742aff850, 0x0000000742a00000| Untracked 
|  43|0x0000000742b00000, 0x0000000742bfe1e0, 0x0000000742c00000| 99%| O|  |TAMS 0x0000000742bfe1e0, 0x0000000742b00000| Untracked 
|  44|0x0000000742c00000, 0x0000000742d00000, 0x0000000742d00000|100%| O|  |TAMS 0x0000000742d00000, 0x0000000742c00000| Untracked 
|  45|0x0000000742d00000, 0x0000000742dffff8, 0x0000000742e00000| 99%| O|  |TAMS 0x0000000742dffff8, 0x0000000742d00000| Untracked 
|  46|0x0000000742e00000, 0x0000000742f00000, 0x0000000742f00000|100%|HS|  |TAMS 0x0000000742f00000, 0x0000000742e00000| Complete 
|  47|0x0000000742f00000, 0x0000000743000000, 0x0000000743000000|100%|HC|  |TAMS 0x0000000743000000, 0x0000000742f00000| Complete 
|  48|0x0000000743000000, 0x0000000743100000, 0x0000000743100000|100%|HC|  |TAMS 0x0000000743100000, 0x0000000743000000| Complete 
|  49|0x0000000743100000, 0x0000000743200000, 0x0000000743200000|100%|HC|  |TAMS 0x0000000743200000, 0x0000000743100000| Complete 
|  50|0x0000000743200000, 0x0000000743300000, 0x0000000743300000|100%|HC|  |TAMS 0x0000000743300000, 0x0000000743200000| Complete 
|  51|0x0000000743300000, 0x0000000743400000, 0x0000000743400000|100%|HC|  |TAMS 0x0000000743400000, 0x0000000743300000| Complete 
|  52|0x0000000743400000, 0x0000000743500000, 0x0000000743500000|100%|HC|  |TAMS 0x0000000743500000, 0x0000000743400000| Complete 
|  53|0x0000000743500000, 0x0000000743600000, 0x0000000743600000|100%|HC|  |TAMS 0x0000000743600000, 0x0000000743500000| Complete 
|  54|0x0000000743600000, 0x00000007436fffe8, 0x0000000743700000| 99%| O|  |TAMS 0x00000007436fffe8, 0x0000000743600000| Untracked 
|  55|0x0000000743700000, 0x00000007437ffff8, 0x0000000743800000| 99%| O|  |TAMS 0x00000007437ffff8, 0x0000000743700000| Untracked 
|  56|0x0000000743800000, 0x00000007438ffff0, 0x0000000743900000| 99%| O|  |TAMS 0x00000007438ffff0, 0x0000000743800000| Untracked 
|  57|0x0000000743900000, 0x0000000743a00000, 0x0000000743a00000|100%| O|  |TAMS 0x0000000743a00000, 0x0000000743900000| Untracked 
|  58|0x0000000743a00000, 0x0000000743afdd00, 0x0000000743b00000| 99%| O|  |TAMS 0x0000000743afdd00, 0x0000000743a00000| Untracked 
|  59|0x0000000743b00000, 0x0000000743bffff0, 0x0000000743c00000| 99%| O|  |TAMS 0x0000000743bffff0, 0x0000000743b00000| Untracked 
|  60|0x0000000743c00000, 0x0000000743d00000, 0x0000000743d00000|100%| O|  |TAMS 0x0000000743d00000, 0x0000000743c00000| Untracked 
|  61|0x0000000743d00000, 0x0000000743dffff8, 0x0000000743e00000| 99%| O|  |TAMS 0x0000000743dffff8, 0x0000000743d00000| Untracked 
|  62|0x0000000743e00000, 0x0000000743efe238, 0x0000000743f00000| 99%| O|  |TAMS 0x0000000743efe238, 0x0000000743e00000| Untracked 
|  63|0x0000000743f00000, 0x0000000743fffaf0, 0x0000000744000000| 99%| O|  |TAMS 0x0000000743fffaf0, 0x0000000743f00000| Untracked 
|  64|0x0000000744000000, 0x00000007440ffff8, 0x0000000744100000| 99%| O|  |TAMS 0x00000007440ffff8, 0x0000000744000000| Untracked 
|  65|0x0000000744100000, 0x00000007441fe0e0, 0x0000000744200000| 99%| O|  |TAMS 0x00000007441fe0e0, 0x0000000744100000| Untracked 
|  66|0x0000000744200000, 0x00000007442fffe8, 0x0000000744300000| 99%| O|  |TAMS 0x00000007442fffe8, 0x0000000744200000| Untracked 
|  67|0x0000000744300000, 0x00000007443ffff8, 0x0000000744400000| 99%| O|  |TAMS 0x00000007443ffff8, 0x0000000744300000| Untracked 
|  68|0x0000000744400000, 0x00000007444fffe0, 0x0000000744500000| 99%| O|  |TAMS 0x00000007444fffe0, 0x0000000744400000| Untracked 
|  69|0x0000000744500000, 0x00000007445ffff0, 0x0000000744600000| 99%| O|  |TAMS 0x00000007445ffff0, 0x0000000744500000| Untracked 
|  70|0x0000000744600000, 0x00000007446ffff0, 0x0000000744700000| 99%| O|  |TAMS 0x00000007446ffff0, 0x0000000744600000| Untracked 
|  71|0x0000000744700000, 0x00000007447ffff0, 0x0000000744800000| 99%| O|  |TAMS 0x00000007447ffff0, 0x0000000744700000| Untracked 
|  72|0x0000000744800000, 0x00000007448fea88, 0x0000000744900000| 99%| O|  |TAMS 0x00000007448fea88, 0x0000000744800000| Untracked 
|  73|0x0000000744900000, 0x00000007449ffff0, 0x0000000744a00000| 99%| O|  |TAMS 0x00000007449ffff0, 0x0000000744900000| Untracked 
|  74|0x0000000744a00000, 0x0000000744aff400, 0x0000000744b00000| 99%| O|  |TAMS 0x0000000744aff400, 0x0000000744a00000| Untracked 
|  75|0x0000000744b00000, 0x0000000744bfffc0, 0x0000000744c00000| 99%| O|  |TAMS 0x0000000744bfffc0, 0x0000000744b00000| Untracked 
|  76|0x0000000744c00000, 0x0000000744d00000, 0x0000000744d00000|100%| O|  |TAMS 0x0000000744d00000, 0x0000000744c00000| Untracked 
|  77|0x0000000744d00000, 0x0000000744df7978, 0x0000000744e00000| 96%| O|  |TAMS 0x0000000744df7978, 0x0000000744d00000| Untracked 
|  78|0x0000000744e00000, 0x0000000744eeb528, 0x0000000744f00000| 91%| O|  |TAMS 0x0000000744eeb528, 0x0000000744e00000| Untracked 
|  79|0x0000000744f00000, 0x0000000744fffff8, 0x0000000745000000| 99%| O|  |TAMS 0x0000000744fffff8, 0x0000000744f00000| Untracked 
|  80|0x0000000745000000, 0x00000007450fff88, 0x0000000745100000| 99%| O|  |TAMS 0x00000007450fff88, 0x0000000745000000| Untracked 
|  81|0x0000000745100000, 0x00000007451fffd0, 0x0000000745200000| 99%| O|  |TAMS 0x00000007451fffd0, 0x0000000745100000| Untracked 
|  82|0x0000000745200000, 0x00000007452ffff8, 0x0000000745300000| 99%| O|  |TAMS 0x00000007452ffff8, 0x0000000745200000| Untracked 
|  83|0x0000000745300000, 0x00000007453fe600, 0x0000000745400000| 99%| O|  |TAMS 0x00000007453fe600, 0x0000000745300000| Untracked 
|  84|0x0000000745400000, 0x0000000745500000, 0x0000000745500000|100%| O|  |TAMS 0x0000000745500000, 0x0000000745400000| Untracked 
|  85|0x0000000745500000, 0x00000007455fffe0, 0x0000000745600000| 99%| O|  |TAMS 0x00000007455fffe0, 0x0000000745500000| Untracked 
|  86|0x0000000745600000, 0x0000000745700000, 0x0000000745700000|100%| O|  |TAMS 0x0000000745700000, 0x0000000745600000| Untracked 
|  87|0x0000000745700000, 0x00000007457fff98, 0x0000000745800000| 99%| O|  |TAMS 0x00000007457fff98, 0x0000000745700000| Untracked 
|  88|0x0000000745800000, 0x00000007458ffff0, 0x0000000745900000| 99%| O|  |TAMS 0x00000007458ffff0, 0x0000000745800000| Untracked 
|  89|0x0000000745900000, 0x0000000745a00000, 0x0000000745a00000|100%| O|  |TAMS 0x0000000745a00000, 0x0000000745900000| Untracked 
|  90|0x0000000745a00000, 0x0000000745b00000, 0x0000000745b00000|100%| O|  |TAMS 0x0000000745b00000, 0x0000000745a00000| Untracked 
|  91|0x0000000745b00000, 0x0000000745c00000, 0x0000000745c00000|100%| O|  |TAMS 0x0000000745c00000, 0x0000000745b00000| Untracked 
|  92|0x0000000745c00000, 0x0000000745d00000, 0x0000000745d00000|100%| O|  |TAMS 0x0000000745d00000, 0x0000000745c00000| Untracked 
|  93|0x0000000745d00000, 0x0000000745dfff20, 0x0000000745e00000| 99%| O|  |TAMS 0x0000000745dfff20, 0x0000000745d00000| Untracked 
|  94|0x0000000745e00000, 0x0000000745f00000, 0x0000000745f00000|100%| O|  |TAMS 0x0000000745f00000, 0x0000000745e00000| Untracked 
|  95|0x0000000745f00000, 0x0000000746000000, 0x0000000746000000|100%| O|  |TAMS 0x0000000746000000, 0x0000000745f00000| Untracked 
|  96|0x0000000746000000, 0x0000000746100000, 0x0000000746100000|100%| O|  |TAMS 0x0000000746100000, 0x0000000746000000| Untracked 
|  97|0x0000000746100000, 0x00000007461ffed8, 0x0000000746200000| 99%| O|  |TAMS 0x00000007461ffed8, 0x0000000746100000| Untracked 
|  98|0x0000000746200000, 0x00000007462ffff8, 0x0000000746300000| 99%| O|  |TAMS 0x00000007462ffff8, 0x0000000746200000| Untracked 
|  99|0x0000000746300000, 0x00000007463ffff0, 0x0000000746400000| 99%| O|  |TAMS 0x00000007463ffff0, 0x0000000746300000| Untracked 
| 100|0x0000000746400000, 0x00000007464fffe0, 0x0000000746500000| 99%| O|  |TAMS 0x00000007464fffe0, 0x0000000746400000| Untracked 
| 101|0x0000000746500000, 0x00000007465ffff0, 0x0000000746600000| 99%| O|  |TAMS 0x00000007465ffff0, 0x0000000746500000| Untracked 
| 102|0x0000000746600000, 0x00000007466ffff0, 0x0000000746700000| 99%| O|  |TAMS 0x00000007466ffff0, 0x0000000746600000| Untracked 
| 103|0x0000000746700000, 0x00000007467fff88, 0x0000000746800000| 99%| O|  |TAMS 0x00000007467fff88, 0x0000000746700000| Untracked 
| 104|0x0000000746800000, 0x00000007468ffb08, 0x0000000746900000| 99%| O|  |TAMS 0x00000007468ffb08, 0x0000000746800000| Untracked 
| 105|0x0000000746900000, 0x00000007469ffff0, 0x0000000746a00000| 99%| O|  |TAMS 0x00000007469ffff0, 0x0000000746900000| Untracked 
| 106|0x0000000746a00000, 0x0000000746affff0, 0x0000000746b00000| 99%| O|  |TAMS 0x0000000746affff0, 0x0000000746a00000| Untracked 
| 107|0x0000000746b00000, 0x0000000746c00000, 0x0000000746c00000|100%| O|  |TAMS 0x0000000746c00000, 0x0000000746b00000| Untracked 
| 108|0x0000000746c00000, 0x0000000746cfffe0, 0x0000000746d00000| 99%| O|  |TAMS 0x0000000746cfffe0, 0x0000000746c00000| Untracked 
| 109|0x0000000746d00000, 0x0000000746e00000, 0x0000000746e00000|100%| O|  |TAMS 0x0000000746e00000, 0x0000000746d00000| Untracked 
| 110|0x0000000746e00000, 0x0000000746f00000, 0x0000000746f00000|100%| O|  |TAMS 0x0000000746f00000, 0x0000000746e00000| Untracked 
| 111|0x0000000746f00000, 0x0000000746fffff0, 0x0000000747000000| 99%| O|  |TAMS 0x0000000746fffff0, 0x0000000746f00000| Untracked 
| 112|0x0000000747000000, 0x00000007470ffff0, 0x0000000747100000| 99%| O|  |TAMS 0x00000007470ffff0, 0x0000000747000000| Untracked 
| 113|0x0000000747100000, 0x0000000747200000, 0x0000000747200000|100%|HS|  |TAMS 0x0000000747200000, 0x0000000747100000| Complete 
| 114|0x0000000747200000, 0x0000000747300000, 0x0000000747300000|100%| O|  |TAMS 0x0000000747300000, 0x0000000747200000| Untracked 
| 115|0x0000000747300000, 0x00000007473ffff0, 0x0000000747400000| 99%| O|  |TAMS 0x00000007473ffff0, 0x0000000747300000| Untracked 
| 116|0x0000000747400000, 0x0000000747500000, 0x0000000747500000|100%| O|  |TAMS 0x0000000747500000, 0x0000000747400000| Untracked 
| 117|0x0000000747500000, 0x00000007475fffe0, 0x0000000747600000| 99%| O|  |TAMS 0x00000007475fffe0, 0x0000000747500000| Untracked 
| 118|0x0000000747600000, 0x00000007476ffff0, 0x0000000747700000| 99%| O|  |TAMS 0x00000007476ffff0, 0x0000000747600000| Untracked 
| 119|0x0000000747700000, 0x00000007477ffff0, 0x0000000747800000| 99%| O|  |TAMS 0x00000007477ffff0, 0x0000000747700000| Untracked 
| 120|0x0000000747800000, 0x00000007478ffff8, 0x0000000747900000| 99%| O|  |TAMS 0x00000007478ffff8, 0x0000000747800000| Untracked 
| 121|0x0000000747900000, 0x00000007479ffff0, 0x0000000747a00000| 99%| O|  |TAMS 0x00000007479ffff0, 0x0000000747900000| Untracked 
| 122|0x0000000747a00000, 0x0000000747afed88, 0x0000000747b00000| 99%| O|  |TAMS 0x0000000747afed88, 0x0000000747a00000| Untracked 
| 123|0x0000000747b00000, 0x0000000747bffff8, 0x0000000747c00000| 99%| O|  |TAMS 0x0000000747bffff8, 0x0000000747b00000| Untracked 
| 124|0x0000000747c00000, 0x0000000747d00000, 0x0000000747d00000|100%| O|  |TAMS 0x0000000747d00000, 0x0000000747c00000| Untracked 
| 125|0x0000000747d00000, 0x0000000747dfffd8, 0x0000000747e00000| 99%| O|  |TAMS 0x0000000747dfffd8, 0x0000000747d00000| Untracked 
| 126|0x0000000747e00000, 0x0000000747f00000, 0x0000000747f00000|100%| O|  |TAMS 0x0000000747f00000, 0x0000000747e00000| Untracked 
| 127|0x0000000747f00000, 0x0000000747ffffc8, 0x0000000748000000| 99%| O|  |TAMS 0x0000000747ffffc8, 0x0000000747f00000| Untracked 
| 128|0x0000000748000000, 0x00000007480ffff8, 0x0000000748100000| 99%| O|  |TAMS 0x00000007480ffff8, 0x0000000748000000| Untracked 
| 129|0x0000000748100000, 0x00000007481ffff8, 0x0000000748200000| 99%| O|  |TAMS 0x00000007481ffff8, 0x0000000748100000| Untracked 
| 130|0x0000000748200000, 0x00000007482ffff8, 0x0000000748300000| 99%| O|  |TAMS 0x00000007482ffff8, 0x0000000748200000| Untracked 
| 131|0x0000000748300000, 0x00000007483fffa8, 0x0000000748400000| 99%| O|  |TAMS 0x00000007483fffa8, 0x0000000748300000| Untracked 
| 132|0x0000000748400000, 0x00000007484ffff8, 0x0000000748500000| 99%| O|  |TAMS 0x00000007484ffff8, 0x0000000748400000| Untracked 
| 133|0x0000000748500000, 0x00000007485ffff8, 0x0000000748600000| 99%| O|  |TAMS 0x00000007485ffff8, 0x0000000748500000| Untracked 
| 134|0x0000000748600000, 0x00000007486ffed8, 0x0000000748700000| 99%| O|  |TAMS 0x00000007486ffed8, 0x0000000748600000| Untracked 
| 135|0x0000000748700000, 0x0000000748800000, 0x0000000748800000|100%| O|  |TAMS 0x0000000748800000, 0x0000000748700000| Untracked 
| 136|0x0000000748800000, 0x00000007488ffcf0, 0x0000000748900000| 99%| O|  |TAMS 0x00000007488ffcf0, 0x0000000748800000| Untracked 
| 137|0x0000000748900000, 0x0000000748a00000, 0x0000000748a00000|100%| O|  |TAMS 0x0000000748a00000, 0x0000000748900000| Untracked 
| 138|0x0000000748a00000, 0x0000000748afffd8, 0x0000000748b00000| 99%| O|  |TAMS 0x0000000748afffd8, 0x0000000748a00000| Untracked 
| 139|0x0000000748b00000, 0x0000000748bfece8, 0x0000000748c00000| 99%| O|  |TAMS 0x0000000748bfece8, 0x0000000748b00000| Untracked 
| 140|0x0000000748c00000, 0x0000000748cffff8, 0x0000000748d00000| 99%| O|  |TAMS 0x0000000748cffff8, 0x0000000748c00000| Untracked 
| 141|0x0000000748d00000, 0x0000000748dfffd0, 0x0000000748e00000| 99%| O|  |TAMS 0x0000000748dfffd0, 0x0000000748d00000| Untracked 
| 142|0x0000000748e00000, 0x0000000748efffe8, 0x0000000748f00000| 99%| O|  |TAMS 0x0000000748efffe8, 0x0000000748e00000| Untracked 
| 143|0x0000000748f00000, 0x0000000748ffff68, 0x0000000749000000| 99%| O|  |TAMS 0x0000000748ffff68, 0x0000000748f00000| Untracked 
| 144|0x0000000749000000, 0x00000007490ffd58, 0x0000000749100000| 99%| O|  |TAMS 0x00000007490ffd58, 0x0000000749000000| Untracked 
| 145|0x0000000749100000, 0x00000007491ffee0, 0x0000000749200000| 99%| O|  |TAMS 0x00000007491ffee0, 0x0000000749100000| Untracked 
| 146|0x0000000749200000, 0x0000000749300000, 0x0000000749300000|100%| O|  |TAMS 0x0000000749300000, 0x0000000749200000| Untracked 
| 147|0x0000000749300000, 0x00000007493fffc8, 0x0000000749400000| 99%| O|  |TAMS 0x00000007493fffc8, 0x0000000749300000| Untracked 
| 148|0x0000000749400000, 0x00000007494ffff0, 0x0000000749500000| 99%| O|  |TAMS 0x00000007494ffff0, 0x0000000749400000| Untracked 
| 149|0x0000000749500000, 0x00000007495ffff8, 0x0000000749600000| 99%| O|  |TAMS 0x00000007495ffff8, 0x0000000749500000| Untracked 
| 150|0x0000000749600000, 0x00000007496ffed0, 0x0000000749700000| 99%| O|  |TAMS 0x00000007496ffed0, 0x0000000749600000| Untracked 
| 151|0x0000000749700000, 0x0000000749800000, 0x0000000749800000|100%| O|  |TAMS 0x0000000749800000, 0x0000000749700000| Untracked 
| 152|0x0000000749800000, 0x00000007498ffff8, 0x0000000749900000| 99%| O|  |TAMS 0x00000007498ffff8, 0x0000000749800000| Untracked 
| 153|0x0000000749900000, 0x00000007499fffe8, 0x0000000749a00000| 99%| O|  |TAMS 0x00000007499fffe8, 0x0000000749900000| Untracked 
| 154|0x0000000749a00000, 0x0000000749b00000, 0x0000000749b00000|100%| O|  |TAMS 0x0000000749b00000, 0x0000000749a00000| Untracked 
| 155|0x0000000749b00000, 0x0000000749bfffd0, 0x0000000749c00000| 99%| O|  |TAMS 0x0000000749bfffd0, 0x0000000749b00000| Untracked 
| 156|0x0000000749c00000, 0x0000000749cffff8, 0x0000000749d00000| 99%| O|  |TAMS 0x0000000749cffff8, 0x0000000749c00000| Untracked 
| 157|0x0000000749d00000, 0x0000000749dffff8, 0x0000000749e00000| 99%| O|  |TAMS 0x0000000749dffff8, 0x0000000749d00000| Untracked 
| 158|0x0000000749e00000, 0x0000000749effff8, 0x0000000749f00000| 99%| O|  |TAMS 0x0000000749effff8, 0x0000000749e00000| Untracked 
| 159|0x0000000749f00000, 0x0000000749fffff0, 0x000000074a000000| 99%| O|  |TAMS 0x0000000749fffff0, 0x0000000749f00000| Untracked 
| 160|0x000000074a000000, 0x000000074a0fff00, 0x000000074a100000| 99%| O|  |TAMS 0x000000074a0fff00, 0x000000074a000000| Untracked 
| 161|0x000000074a100000, 0x000000074a200000, 0x000000074a200000|100%|HS|  |TAMS 0x000000074a200000, 0x000000074a100000| Untracked 
| 162|0x000000074a200000, 0x000000074a2f7338, 0x000000074a300000| 96%| O|  |TAMS 0x000000074a2f7338, 0x000000074a200000| Untracked 
| 163|0x000000074a300000, 0x000000074a3f3718, 0x000000074a400000| 95%| O|  |TAMS 0x000000074a3f3718, 0x000000074a300000| Untracked 
| 164|0x000000074a400000, 0x000000074a500000, 0x000000074a500000|100%| O|  |TAMS 0x000000074a500000, 0x000000074a400000| Untracked 
| 165|0x000000074a500000, 0x000000074a591ed0, 0x000000074a600000| 57%| O|  |TAMS 0x000000074a591ed0, 0x000000074a500000| Untracked 
| 166|0x000000074a600000, 0x000000074a6df680, 0x000000074a700000| 87%| O|  |TAMS 0x000000074a6df680, 0x000000074a600000| Untracked 
| 167|0x000000074a700000, 0x000000074a7632f8, 0x000000074a800000| 38%| O|  |TAMS 0x000000074a7632f8, 0x000000074a700000| Untracked 
| 168|0x000000074a800000, 0x000000074a900000, 0x000000074a900000|100%| O|  |TAMS 0x000000074a900000, 0x000000074a800000| Untracked 
| 169|0x000000074a900000, 0x000000074a900000, 0x000000074aa00000|  0%| F|  |TAMS 0x000000074a900000, 0x000000074a900000| Untracked 
| 170|0x000000074aa00000, 0x000000074aa00000, 0x000000074ab00000|  0%| F|  |TAMS 0x000000074aa00000, 0x000000074aa00000| Untracked 
| 171|0x000000074ab00000, 0x000000074ab5f028, 0x000000074ac00000| 37%| O|  |TAMS 0x000000074ab5f028, 0x000000074ab00000| Untracked 
| 172|0x000000074ac00000, 0x000000074ad00000, 0x000000074ad00000|100%| O|  |TAMS 0x000000074ad00000, 0x000000074ac00000| Untracked 
| 173|0x000000074ad00000, 0x000000074ae00000, 0x000000074ae00000|100%| O|  |TAMS 0x000000074ae00000, 0x000000074ad00000| Untracked 
| 174|0x000000074ae00000, 0x000000074ae34f80, 0x000000074af00000| 20%| O|  |TAMS 0x000000074ae34f80, 0x000000074ae00000| Untracked 
| 175|0x000000074af00000, 0x000000074b000000, 0x000000074b000000|100%| O|  |TAMS 0x000000074b000000, 0x000000074af00000| Untracked 
| 176|0x000000074b000000, 0x000000074b100000, 0x000000074b100000|100%| O|  |TAMS 0x000000074b100000, 0x000000074b000000| Untracked 
| 177|0x000000074b100000, 0x000000074b10f718, 0x000000074b200000|  6%| O|  |TAMS 0x000000074b10f718, 0x000000074b100000| Untracked 
| 178|0x000000074b200000, 0x000000074b300000, 0x000000074b300000|100%| O|  |TAMS 0x000000074b300000, 0x000000074b200000| Untracked 
| 179|0x000000074b300000, 0x000000074b400000, 0x000000074b400000|100%|HS|  |TAMS 0x000000074b400000, 0x000000074b300000| Complete 
| 180|0x000000074b400000, 0x000000074b500000, 0x000000074b500000|100%|HC|  |TAMS 0x000000074b500000, 0x000000074b400000| Complete 
| 181|0x000000074b500000, 0x000000074b600000, 0x000000074b600000|100%|HC|  |TAMS 0x000000074b600000, 0x000000074b500000| Complete 
| 182|0x000000074b600000, 0x000000074b700000, 0x000000074b700000|100%| O|  |TAMS 0x000000074b700000, 0x000000074b600000| Untracked 
| 183|0x000000074b700000, 0x000000074b800000, 0x000000074b800000|100%| O|  |TAMS 0x000000074b800000, 0x000000074b700000| Untracked 
| 184|0x000000074b800000, 0x000000074b900000, 0x000000074b900000|100%| O|  |TAMS 0x000000074b900000, 0x000000074b800000| Untracked 
| 185|0x000000074b900000, 0x000000074ba00000, 0x000000074ba00000|100%|HS|  |TAMS 0x000000074ba00000, 0x000000074b900000| Complete 
| 186|0x000000074ba00000, 0x000000074bb00000, 0x000000074bb00000|100%|HC|  |TAMS 0x000000074bb00000, 0x000000074ba00000| Complete 
| 187|0x000000074bb00000, 0x000000074bc00000, 0x000000074bc00000|100%|HC|  |TAMS 0x000000074bc00000, 0x000000074bb00000| Complete 
| 188|0x000000074bc00000, 0x000000074bd00000, 0x000000074bd00000|100%| O|  |TAMS 0x000000074bd00000, 0x000000074bc00000| Untracked 
| 189|0x000000074bd00000, 0x000000074be00000, 0x000000074be00000|100%| O|  |TAMS 0x000000074be00000, 0x000000074bd00000| Untracked 
| 190|0x000000074be00000, 0x000000074bf00000, 0x000000074bf00000|100%| O|  |TAMS 0x000000074bf00000, 0x000000074be00000| Untracked 
| 191|0x000000074bf00000, 0x000000074c000000, 0x000000074c000000|100%| O|  |TAMS 0x000000074c000000, 0x000000074bf00000| Untracked 
| 192|0x000000074c000000, 0x000000074c100000, 0x000000074c100000|100%| O|  |TAMS 0x000000074c100000, 0x000000074c000000| Untracked 
| 193|0x000000074c100000, 0x000000074c200000, 0x000000074c200000|100%| O|  |TAMS 0x000000074c200000, 0x000000074c100000| Untracked 
| 194|0x000000074c200000, 0x000000074c300000, 0x000000074c300000|100%| O|  |TAMS 0x000000074c300000, 0x000000074c200000| Untracked 
| 195|0x000000074c300000, 0x000000074c400000, 0x000000074c400000|100%| O|  |TAMS 0x000000074c400000, 0x000000074c300000| Untracked 
| 196|0x000000074c400000, 0x000000074c500000, 0x000000074c500000|100%| O|  |TAMS 0x000000074c500000, 0x000000074c400000| Untracked 
| 197|0x000000074c500000, 0x000000074c600000, 0x000000074c600000|100%| O|  |TAMS 0x000000074c600000, 0x000000074c500000| Untracked 
| 198|0x000000074c600000, 0x000000074c700000, 0x000000074c700000|100%| O|  |TAMS 0x000000074c700000, 0x000000074c600000| Untracked 
| 199|0x000000074c700000, 0x000000074c800000, 0x000000074c800000|100%| O|  |TAMS 0x000000074c800000, 0x000000074c700000| Untracked 
| 200|0x000000074c800000, 0x000000074c8e1a00, 0x000000074c900000| 88%| O|  |TAMS 0x000000074c8e1a00, 0x000000074c800000| Untracked 
| 201|0x000000074c900000, 0x000000074c900000, 0x000000074ca00000|  0%| F|  |TAMS 0x000000074c900000, 0x000000074c900000| Untracked 
| 202|0x000000074ca00000, 0x000000074ca00000, 0x000000074cb00000|  0%| F|  |TAMS 0x000000074ca00000, 0x000000074ca00000| Untracked 
| 203|0x000000074cb00000, 0x000000074cb00000, 0x000000074cc00000|  0%| F|  |TAMS 0x000000074cb00000, 0x000000074cb00000| Untracked 
| 204|0x000000074cc00000, 0x000000074cc00000, 0x000000074cd00000|  0%| F|  |TAMS 0x000000074cc00000, 0x000000074cc00000| Untracked 
| 205|0x000000074cd00000, 0x000000074cd00000, 0x000000074ce00000|  0%| F|  |TAMS 0x000000074cd00000, 0x000000074cd00000| Untracked 
| 206|0x000000074ce00000, 0x000000074ce00000, 0x000000074cf00000|  0%| F|  |TAMS 0x000000074ce00000, 0x000000074ce00000| Untracked 
| 207|0x000000074cf00000, 0x000000074cf00000, 0x000000074d000000|  0%| F|  |TAMS 0x000000074cf00000, 0x000000074cf00000| Untracked 
| 208|0x000000074d000000, 0x000000074d000000, 0x000000074d100000|  0%| F|  |TAMS 0x000000074d000000, 0x000000074d000000| Untracked 
| 209|0x000000074d100000, 0x000000074d100000, 0x000000074d200000|  0%| F|  |TAMS 0x000000074d100000, 0x000000074d100000| Untracked 
| 210|0x000000074d200000, 0x000000074d200000, 0x000000074d300000|  0%| F|  |TAMS 0x000000074d200000, 0x000000074d200000| Untracked 
| 211|0x000000074d300000, 0x000000074d300000, 0x000000074d400000|  0%| F|  |TAMS 0x000000074d300000, 0x000000074d300000| Untracked 
| 212|0x000000074d400000, 0x000000074d400000, 0x000000074d500000|  0%| F|  |TAMS 0x000000074d400000, 0x000000074d400000| Untracked 
| 213|0x000000074d500000, 0x000000074d500000, 0x000000074d600000|  0%| F|  |TAMS 0x000000074d500000, 0x000000074d500000| Untracked 
| 214|0x000000074d600000, 0x000000074d600000, 0x000000074d700000|  0%| F|  |TAMS 0x000000074d600000, 0x000000074d600000| Untracked 
| 215|0x000000074d700000, 0x000000074d700000, 0x000000074d800000|  0%| F|  |TAMS 0x000000074d700000, 0x000000074d700000| Untracked 
| 216|0x000000074d800000, 0x000000074d800000, 0x000000074d900000|  0%| F|  |TAMS 0x000000074d800000, 0x000000074d800000| Untracked 
| 217|0x000000074d900000, 0x000000074d900000, 0x000000074da00000|  0%| F|  |TAMS 0x000000074d900000, 0x000000074d900000| Untracked 
| 218|0x000000074da00000, 0x000000074da00000, 0x000000074db00000|  0%| F|  |TAMS 0x000000074da00000, 0x000000074da00000| Untracked 
| 219|0x000000074db00000, 0x000000074db00000, 0x000000074dc00000|  0%| F|  |TAMS 0x000000074db00000, 0x000000074db00000| Untracked 
| 220|0x000000074dc00000, 0x000000074dc00000, 0x000000074dd00000|  0%| F|  |TAMS 0x000000074dc00000, 0x000000074dc00000| Untracked 
| 221|0x000000074dd00000, 0x000000074dd00000, 0x000000074de00000|  0%| F|  |TAMS 0x000000074dd00000, 0x000000074dd00000| Untracked 
| 222|0x000000074de00000, 0x000000074de00000, 0x000000074df00000|  0%| F|  |TAMS 0x000000074de00000, 0x000000074de00000| Untracked 
| 223|0x000000074df00000, 0x000000074df00000, 0x000000074e000000|  0%| F|  |TAMS 0x000000074df00000, 0x000000074df00000| Untracked 
| 224|0x000000074e000000, 0x000000074e000000, 0x000000074e100000|  0%| F|  |TAMS 0x000000074e000000, 0x000000074e000000| Untracked 
| 225|0x000000074e100000, 0x000000074e100000, 0x000000074e200000|  0%| F|  |TAMS 0x000000074e100000, 0x000000074e100000| Untracked 
| 226|0x000000074e200000, 0x000000074e200000, 0x000000074e300000|  0%| F|  |TAMS 0x000000074e200000, 0x000000074e200000| Untracked 
| 227|0x000000074e300000, 0x000000074e300000, 0x000000074e400000|  0%| F|  |TAMS 0x000000074e300000, 0x000000074e300000| Untracked 
| 228|0x000000074e400000, 0x000000074e400000, 0x000000074e500000|  0%| F|  |TAMS 0x000000074e400000, 0x000000074e400000| Untracked 
| 229|0x000000074e500000, 0x000000074e500000, 0x000000074e600000|  0%| F|  |TAMS 0x000000074e500000, 0x000000074e500000| Untracked 
| 230|0x000000074e600000, 0x000000074e600000, 0x000000074e700000|  0%| F|  |TAMS 0x000000074e600000, 0x000000074e600000| Untracked 
| 231|0x000000074e700000, 0x000000074e700000, 0x000000074e800000|  0%| F|  |TAMS 0x000000074e700000, 0x000000074e700000| Untracked 
| 232|0x000000074e800000, 0x000000074e800000, 0x000000074e900000|  0%| F|  |TAMS 0x000000074e800000, 0x000000074e800000| Untracked 
| 233|0x000000074e900000, 0x000000074e900000, 0x000000074ea00000|  0%| F|  |TAMS 0x000000074e900000, 0x000000074e900000| Untracked 
| 234|0x000000074ea00000, 0x000000074ea00000, 0x000000074eb00000|  0%| F|  |TAMS 0x000000074ea00000, 0x000000074ea00000| Untracked 
| 235|0x000000074eb00000, 0x000000074eb00000, 0x000000074ec00000|  0%| F|  |TAMS 0x000000074eb00000, 0x000000074eb00000| Untracked 
| 236|0x000000074ec00000, 0x000000074ec00000, 0x000000074ed00000|  0%| F|  |TAMS 0x000000074ec00000, 0x000000074ec00000| Untracked 
| 237|0x000000074ed00000, 0x000000074ed00000, 0x000000074ee00000|  0%| F|  |TAMS 0x000000074ed00000, 0x000000074ed00000| Untracked 
| 238|0x000000074ee00000, 0x000000074ee00000, 0x000000074ef00000|  0%| F|  |TAMS 0x000000074ee00000, 0x000000074ee00000| Untracked 
| 239|0x000000074ef00000, 0x000000074ef00000, 0x000000074f000000|  0%| F|  |TAMS 0x000000074ef00000, 0x000000074ef00000| Untracked 
| 240|0x000000074f000000, 0x000000074f000000, 0x000000074f100000|  0%| F|  |TAMS 0x000000074f000000, 0x000000074f000000| Untracked 
| 241|0x000000074f100000, 0x000000074f100000, 0x000000074f200000|  0%| F|  |TAMS 0x000000074f100000, 0x000000074f100000| Untracked 
| 242|0x000000074f200000, 0x000000074f200000, 0x000000074f300000|  0%| F|  |TAMS 0x000000074f200000, 0x000000074f200000| Untracked 
| 243|0x000000074f300000, 0x000000074f300000, 0x000000074f400000|  0%| F|  |TAMS 0x000000074f300000, 0x000000074f300000| Untracked 
| 244|0x000000074f400000, 0x000000074f400000, 0x000000074f500000|  0%| F|  |TAMS 0x000000074f400000, 0x000000074f400000| Untracked 
| 245|0x000000074f500000, 0x000000074f500000, 0x000000074f600000|  0%| F|  |TAMS 0x000000074f500000, 0x000000074f500000| Untracked 
| 246|0x000000074f600000, 0x000000074f600000, 0x000000074f700000|  0%| F|  |TAMS 0x000000074f600000, 0x000000074f600000| Untracked 
| 247|0x000000074f700000, 0x000000074f700000, 0x000000074f800000|  0%| F|  |TAMS 0x000000074f700000, 0x000000074f700000| Untracked 
| 248|0x000000074f800000, 0x000000074f800000, 0x000000074f900000|  0%| F|  |TAMS 0x000000074f800000, 0x000000074f800000| Untracked 
| 249|0x000000074f900000, 0x000000074f900000, 0x000000074fa00000|  0%| F|  |TAMS 0x000000074f900000, 0x000000074f900000| Untracked 
| 250|0x000000074fa00000, 0x000000074fa00000, 0x000000074fb00000|  0%| F|  |TAMS 0x000000074fa00000, 0x000000074fa00000| Untracked 
| 251|0x000000074fb00000, 0x000000074fb00000, 0x000000074fc00000|  0%| F|  |TAMS 0x000000074fb00000, 0x000000074fb00000| Untracked 
| 252|0x000000074fc00000, 0x000000074fc00000, 0x000000074fd00000|  0%| F|  |TAMS 0x000000074fc00000, 0x000000074fc00000| Untracked 
| 253|0x000000074fd00000, 0x000000074fd00000, 0x000000074fe00000|  0%| F|  |TAMS 0x000000074fd00000, 0x000000074fd00000| Untracked 
| 254|0x000000074fe00000, 0x000000074fe00000, 0x000000074ff00000|  0%| F|  |TAMS 0x000000074fe00000, 0x000000074fe00000| Untracked 
| 255|0x000000074ff00000, 0x000000074ff00000, 0x0000000750000000|  0%| F|  |TAMS 0x000000074ff00000, 0x000000074ff00000| Untracked 
| 256|0x0000000750000000, 0x0000000750000000, 0x0000000750100000|  0%| F|  |TAMS 0x0000000750000000, 0x0000000750000000| Untracked 
| 257|0x0000000750100000, 0x0000000750100000, 0x0000000750200000|  0%| F|  |TAMS 0x0000000750100000, 0x0000000750100000| Untracked 
| 258|0x0000000750200000, 0x0000000750200000, 0x0000000750300000|  0%| F|  |TAMS 0x0000000750200000, 0x0000000750200000| Untracked 
| 259|0x0000000750300000, 0x0000000750300000, 0x0000000750400000|  0%| F|  |TAMS 0x0000000750300000, 0x0000000750300000| Untracked 
| 260|0x0000000750400000, 0x0000000750400000, 0x0000000750500000|  0%| F|  |TAMS 0x0000000750400000, 0x0000000750400000| Untracked 
| 261|0x0000000750500000, 0x0000000750500000, 0x0000000750600000|  0%| F|  |TAMS 0x0000000750500000, 0x0000000750500000| Untracked 
| 262|0x0000000750600000, 0x0000000750600000, 0x0000000750700000|  0%| F|  |TAMS 0x0000000750600000, 0x0000000750600000| Untracked 
| 263|0x0000000750700000, 0x0000000750700000, 0x0000000750800000|  0%| F|  |TAMS 0x0000000750700000, 0x0000000750700000| Untracked 
| 264|0x0000000750800000, 0x0000000750800000, 0x0000000750900000|  0%| F|  |TAMS 0x0000000750800000, 0x0000000750800000| Untracked 
| 265|0x0000000750900000, 0x00000007509ae810, 0x0000000750a00000| 68%| S|CS|TAMS 0x0000000750900000, 0x0000000750900000| Complete 
| 266|0x0000000750a00000, 0x0000000750a00000, 0x0000000750b00000|  0%| F|  |TAMS 0x0000000750a00000, 0x0000000750a00000| Untracked 
| 267|0x0000000750b00000, 0x0000000750c00000, 0x0000000750c00000|100%| S|CS|TAMS 0x0000000750b00000, 0x0000000750b00000| Complete 
| 268|0x0000000750c00000, 0x0000000750d00000, 0x0000000750d00000|100%| S|CS|TAMS 0x0000000750c00000, 0x0000000750c00000| Complete 
| 269|0x0000000750d00000, 0x0000000750e00000, 0x0000000750e00000|100%| S|CS|TAMS 0x0000000750d00000, 0x0000000750d00000| Complete 
| 270|0x0000000750e00000, 0x0000000750e00000, 0x0000000750f00000|  0%| F|  |TAMS 0x0000000750e00000, 0x0000000750e00000| Untracked 
| 271|0x0000000750f00000, 0x0000000750f00000, 0x0000000751000000|  0%| F|  |TAMS 0x0000000750f00000, 0x0000000750f00000| Untracked 
| 272|0x0000000751000000, 0x0000000751000000, 0x0000000751100000|  0%| F|  |TAMS 0x0000000751000000, 0x0000000751000000| Untracked 
| 273|0x0000000751100000, 0x0000000751100000, 0x0000000751200000|  0%| F|  |TAMS 0x0000000751100000, 0x0000000751100000| Untracked 
| 274|0x0000000751200000, 0x0000000751200000, 0x0000000751300000|  0%| F|  |TAMS 0x0000000751200000, 0x0000000751200000| Untracked 
| 275|0x0000000751300000, 0x0000000751300000, 0x0000000751400000|  0%| F|  |TAMS 0x0000000751300000, 0x0000000751300000| Untracked 
| 276|0x0000000751400000, 0x0000000751400000, 0x0000000751500000|  0%| F|  |TAMS 0x0000000751400000, 0x0000000751400000| Untracked 
| 277|0x0000000751500000, 0x0000000751500000, 0x0000000751600000|  0%| F|  |TAMS 0x0000000751500000, 0x0000000751500000| Untracked 
| 278|0x0000000751600000, 0x0000000751600000, 0x0000000751700000|  0%| F|  |TAMS 0x0000000751600000, 0x0000000751600000| Untracked 
| 279|0x0000000751700000, 0x0000000751700000, 0x0000000751800000|  0%| F|  |TAMS 0x0000000751700000, 0x0000000751700000| Untracked 
| 280|0x0000000751800000, 0x0000000751800000, 0x0000000751900000|  0%| F|  |TAMS 0x0000000751800000, 0x0000000751800000| Untracked 
| 281|0x0000000751900000, 0x0000000751900000, 0x0000000751a00000|  0%| F|  |TAMS 0x0000000751900000, 0x0000000751900000| Untracked 
| 282|0x0000000751a00000, 0x0000000751a00000, 0x0000000751b00000|  0%| F|  |TAMS 0x0000000751a00000, 0x0000000751a00000| Untracked 
| 283|0x0000000751b00000, 0x0000000751b00000, 0x0000000751c00000|  0%| F|  |TAMS 0x0000000751b00000, 0x0000000751b00000| Untracked 
| 284|0x0000000751c00000, 0x0000000751c00000, 0x0000000751d00000|  0%| F|  |TAMS 0x0000000751c00000, 0x0000000751c00000| Untracked 
| 285|0x0000000751d00000, 0x0000000751d00000, 0x0000000751e00000|  0%| F|  |TAMS 0x0000000751d00000, 0x0000000751d00000| Untracked 
| 286|0x0000000751e00000, 0x0000000751e00000, 0x0000000751f00000|  0%| F|  |TAMS 0x0000000751e00000, 0x0000000751e00000| Untracked 
| 287|0x0000000751f00000, 0x0000000751f00000, 0x0000000752000000|  0%| F|  |TAMS 0x0000000751f00000, 0x0000000751f00000| Untracked 
| 288|0x0000000752000000, 0x0000000752000000, 0x0000000752100000|  0%| F|  |TAMS 0x0000000752000000, 0x0000000752000000| Untracked 
| 289|0x0000000752100000, 0x0000000752100000, 0x0000000752200000|  0%| F|  |TAMS 0x0000000752100000, 0x0000000752100000| Untracked 
| 290|0x0000000752200000, 0x0000000752200000, 0x0000000752300000|  0%| F|  |TAMS 0x0000000752200000, 0x0000000752200000| Untracked 
| 291|0x0000000752300000, 0x0000000752300000, 0x0000000752400000|  0%| F|  |TAMS 0x0000000752300000, 0x0000000752300000| Untracked 
| 292|0x0000000752400000, 0x0000000752400000, 0x0000000752500000|  0%| F|  |TAMS 0x0000000752400000, 0x0000000752400000| Untracked 
| 293|0x0000000752500000, 0x0000000752500000, 0x0000000752600000|  0%| F|  |TAMS 0x0000000752500000, 0x0000000752500000| Untracked 
| 294|0x0000000752600000, 0x0000000752600000, 0x0000000752700000|  0%| F|  |TAMS 0x0000000752600000, 0x0000000752600000| Untracked 
| 295|0x0000000752700000, 0x0000000752700000, 0x0000000752800000|  0%| F|  |TAMS 0x0000000752700000, 0x0000000752700000| Untracked 
| 296|0x0000000752800000, 0x0000000752800000, 0x0000000752900000|  0%| F|  |TAMS 0x0000000752800000, 0x0000000752800000| Untracked 
| 297|0x0000000752900000, 0x0000000752900000, 0x0000000752a00000|  0%| F|  |TAMS 0x0000000752900000, 0x0000000752900000| Untracked 
| 298|0x0000000752a00000, 0x0000000752a00000, 0x0000000752b00000|  0%| F|  |TAMS 0x0000000752a00000, 0x0000000752a00000| Untracked 
| 299|0x0000000752b00000, 0x0000000752b00000, 0x0000000752c00000|  0%| F|  |TAMS 0x0000000752b00000, 0x0000000752b00000| Untracked 
| 300|0x0000000752c00000, 0x0000000752c00000, 0x0000000752d00000|  0%| F|  |TAMS 0x0000000752c00000, 0x0000000752c00000| Untracked 
| 301|0x0000000752d00000, 0x0000000752d00000, 0x0000000752e00000|  0%| F|  |TAMS 0x0000000752d00000, 0x0000000752d00000| Untracked 
| 302|0x0000000752e00000, 0x0000000752e00000, 0x0000000752f00000|  0%| F|  |TAMS 0x0000000752e00000, 0x0000000752e00000| Untracked 
| 303|0x0000000752f00000, 0x0000000752f00000, 0x0000000753000000|  0%| F|  |TAMS 0x0000000752f00000, 0x0000000752f00000| Untracked 
| 304|0x0000000753000000, 0x0000000753000000, 0x0000000753100000|  0%| F|  |TAMS 0x0000000753000000, 0x0000000753000000| Untracked 
| 305|0x0000000753100000, 0x0000000753100000, 0x0000000753200000|  0%| F|  |TAMS 0x0000000753100000, 0x0000000753100000| Untracked 
| 306|0x0000000753200000, 0x0000000753200000, 0x0000000753300000|  0%| F|  |TAMS 0x0000000753200000, 0x0000000753200000| Untracked 
| 307|0x0000000753300000, 0x0000000753300000, 0x0000000753400000|  0%| F|  |TAMS 0x0000000753300000, 0x0000000753300000| Untracked 
| 308|0x0000000753400000, 0x0000000753423020, 0x0000000753500000| 13%| E|  |TAMS 0x0000000753400000, 0x0000000753400000| Complete 
| 309|0x0000000753500000, 0x0000000753600000, 0x0000000753600000|100%| E|CS|TAMS 0x0000000753500000, 0x0000000753500000| Complete 
| 310|0x0000000753600000, 0x0000000753700000, 0x0000000753700000|100%| E|CS|TAMS 0x0000000753600000, 0x0000000753600000| Complete 
| 311|0x0000000753700000, 0x0000000753800000, 0x0000000753800000|100%| E|CS|TAMS 0x0000000753700000, 0x0000000753700000| Complete 
| 312|0x0000000753800000, 0x0000000753900000, 0x0000000753900000|100%| E|CS|TAMS 0x0000000753800000, 0x0000000753800000| Complete 
| 313|0x0000000753900000, 0x0000000753a00000, 0x0000000753a00000|100%| E|CS|TAMS 0x0000000753900000, 0x0000000753900000| Complete 
| 314|0x0000000753a00000, 0x0000000753b00000, 0x0000000753b00000|100%| E|CS|TAMS 0x0000000753a00000, 0x0000000753a00000| Complete 
| 315|0x0000000753b00000, 0x0000000753c00000, 0x0000000753c00000|100%| E|CS|TAMS 0x0000000753b00000, 0x0000000753b00000| Complete 
| 316|0x0000000753c00000, 0x0000000753d00000, 0x0000000753d00000|100%| E|CS|TAMS 0x0000000753c00000, 0x0000000753c00000| Complete 
| 317|0x0000000753d00000, 0x0000000753e00000, 0x0000000753e00000|100%| E|CS|TAMS 0x0000000753d00000, 0x0000000753d00000| Complete 
| 318|0x0000000753e00000, 0x0000000753f00000, 0x0000000753f00000|100%| E|CS|TAMS 0x0000000753e00000, 0x0000000753e00000| Complete 
| 319|0x0000000753f00000, 0x0000000754000000, 0x0000000754000000|100%| E|CS|TAMS 0x0000000753f00000, 0x0000000753f00000| Complete 
| 320|0x0000000754000000, 0x0000000754100000, 0x0000000754100000|100%| E|CS|TAMS 0x0000000754000000, 0x0000000754000000| Complete 
| 321|0x0000000754100000, 0x0000000754200000, 0x0000000754200000|100%| E|CS|TAMS 0x0000000754100000, 0x0000000754100000| Complete 
| 322|0x0000000754200000, 0x0000000754300000, 0x0000000754300000|100%| E|CS|TAMS 0x0000000754200000, 0x0000000754200000| Complete 
| 323|0x0000000754300000, 0x0000000754400000, 0x0000000754400000|100%| E|CS|TAMS 0x0000000754300000, 0x0000000754300000| Complete 
| 324|0x0000000754400000, 0x0000000754500000, 0x0000000754500000|100%| E|CS|TAMS 0x0000000754400000, 0x0000000754400000| Complete 
| 325|0x0000000754500000, 0x0000000754600000, 0x0000000754600000|100%| E|CS|TAMS 0x0000000754500000, 0x0000000754500000| Complete 

Card table byte_map: [0x0000020a9f9f0000,0x0000020a9fff0000] _byte_map_base: 0x0000020a9bff0000

Marking Bits (Prev, Next): (CMBitMap*) 0x0000020ae79d7758, (CMBitMap*) 0x0000020ae79d7790
 Prev Bits: [0x0000020aabe60000, 0x0000020aaee60000)
 Next Bits: [0x0000020aaee60000, 0x0000020ab1e60000)

Polling page: 0x0000020a994d0000

Metaspace:

Usage:
  Non-class:    109.27 MB capacity,   108.23 MB (>99%) used,   783.98 KB ( <1%) free+waste,   277.81 KB ( <1%) overhead. 
      Class:     17.85 MB capacity,    17.12 MB ( 96%) used,   623.34 KB (  3%) free+waste,   121.75 KB ( <1%) overhead. 
       Both:    127.12 MB capacity,   125.36 MB ( 99%) used,     1.37 MB (  1%) free+waste,   399.56 KB ( <1%) overhead. 

Virtual space:
  Non-class space:      112.00 MB reserved,     111.00 MB (>99%) committed 
      Class space:        1.00 GB reserved,      18.88 MB (  2%) committed 
             Both:        1.11 GB reserved,     129.87 MB ( 11%) committed 

Chunk freelists:
   Non-Class:  220.88 KB
       Class:  123.25 KB
        Both:  344.13 KB

CodeHeap 'non-profiled nmethods': size=120000Kb used=31317Kb max_used=32244Kb free=88682Kb
 bounds [0x0000020aca250000, 0x0000020acc1e0000, 0x0000020ad1780000]
CodeHeap 'profiled nmethods': size=120000Kb used=54826Kb max_used=56419Kb free=65173Kb
 bounds [0x0000020ac2d20000, 0x0000020ac64b0000, 0x0000020aca250000]
CodeHeap 'non-nmethods': size=5760Kb used=1790Kb max_used=1836Kb free=3969Kb
 bounds [0x0000020ac2780000, 0x0000020ac29f0000, 0x0000020ac2d20000]
 total_blobs=49526 nmethods=24194 adapters=1296
 compilation: enabled
              stopped_count=0, restarted_count=0
 full_count=0

Compilation events (10 events):
Event: 8587.418 Thread 0x0000020a9eb8b000 33382       1       ui.data.ag::eB (1 bytes)
Event: 8587.418 Thread 0x0000020a9eb8b000 nmethod 33382 0x0000020acae2c210 code [0x0000020acae2c3c0, 0x0000020acae2c4d8]
Event: 8587.431 Thread 0x0000020a9eb8b000 33383       1       ui.views.M.J::eB (1 bytes)
Event: 8587.432 Thread 0x0000020a9eb8b000 nmethod 33383 0x0000020acae2be90 code [0x0000020acae2c040, 0x0000020acae2c158]
Event: 8587.432 Thread 0x0000020a9eb8b000 33384       1       ui.views.n.c.a::aol (1 bytes)
Event: 8587.432 Thread 0x0000020a9eb8b000 nmethod 33384 0x0000020acae2bb10 code [0x0000020acae2bcc0, 0x0000020acae2bdd8]
Event: 8591.300 Thread 0x0000020ae63b8800 33385       4       java.awt.Rectangle::add (219 bytes)
Event: 8591.302 Thread 0x0000020ae63b8800 nmethod 33385 0x0000020acae2b590 code [0x0000020acae2b720, 0x0000020acae2b958]
Event: 8594.905 Thread 0x0000020a9eb8b000 33386       1       ui.views.df::bMJ (5 bytes)
Event: 8594.905 Thread 0x0000020a9eb8b000 nmethod 33386 0x0000020acae2b210 code [0x0000020acae2b3c0, 0x0000020acae2b4d8]

GC Heap History (10 events):
Event: 8582.575 GC heap before
{Heap before GC invocations=1216 (full 57):
 garbage-first heap   total 333824K, used 262265K [0x0000000740000000, 0x0000000800000000)
  region size 1024K, 60 young (61440K), 3 survivors (3072K)
 Metaspace       used 128338K, capacity 130171K, committed 132988K, reserved 1163264K
  class space    used 17532K, capacity 18278K, committed 19328K, reserved 1048576K
}
Event: 8582.577 GC heap after
{Heap after GC invocations=1217 (full 57):
 garbage-first heap   total 333824K, used 204080K [0x0000000740000000, 0x0000000800000000)
  region size 1024K, 3 young (3072K), 3 survivors (3072K)
 Metaspace       used 128338K, capacity 130171K, committed 132988K, reserved 1163264K
  class space    used 17532K, capacity 18278K, committed 19328K, reserved 1048576K
}
Event: 8582.736 GC heap before
{Heap before GC invocations=1218 (full 57):
 garbage-first heap   total 333824K, used 262448K [0x0000000740000000, 0x0000000800000000)
  region size 1024K, 60 young (61440K), 3 survivors (3072K)
 Metaspace       used 128338K, capacity 130171K, committed 132988K, reserved 1163264K
  class space    used 17532K, capacity 18278K, committed 19328K, reserved 1048576K
}
Event: 8582.739 GC heap after
{Heap after GC invocations=1219 (full 57):
 garbage-first heap   total 333824K, used 204254K [0x0000000740000000, 0x0000000800000000)
  region size 1024K, 3 young (3072K), 3 survivors (3072K)
 Metaspace       used 128338K, capacity 130171K, committed 132988K, reserved 1163264K
  class space    used 17532K, capacity 18278K, committed 19328K, reserved 1048576K
}
Event: 8583.217 GC heap before
{Heap before GC invocations=1219 (full 57):
 garbage-first heap   total 333824K, used 262622K [0x0000000740000000, 0x0000000800000000)
  region size 1024K, 60 young (61440K), 3 survivors (3072K)
 Metaspace       used 128355K, capacity 130171K, committed 132988K, reserved 1163264K
  class space    used 17532K, capacity 18278K, committed 19328K, reserved 1048576K
}
Event: 8583.220 GC heap after
{Heap after GC invocations=1220 (full 57):
 garbage-first heap   total 333824K, used 204511K [0x0000000740000000, 0x0000000800000000)
  region size 1024K, 3 young (3072K), 3 survivors (3072K)
 Metaspace       used 128355K, capacity 130171K, committed 132988K, reserved 1163264K
  class space    used 17532K, capacity 18278K, committed 19328K, reserved 1048576K
}
Event: 8585.470 GC heap before
{Heap before GC invocations=1221 (full 57):
 garbage-first heap   total 333824K, used 262879K [0x0000000740000000, 0x0000000800000000)
  region size 1024K, 60 young (61440K), 3 survivors (3072K)
 Metaspace       used 128361K, capacity 130171K, committed 132988K, reserved 1163264K
  class space    used 17532K, capacity 18278K, committed 19328K, reserved 1048576K
}
Event: 8585.474 GC heap after
{Heap after GC invocations=1222 (full 57):
 garbage-first heap   total 333824K, used 205630K [0x0000000740000000, 0x0000000800000000)
  region size 1024K, 4 young (4096K), 4 survivors (4096K)
 Metaspace       used 128361K, capacity 130171K, committed 132988K, reserved 1163264K
  class space    used 17532K, capacity 18278K, committed 19328K, reserved 1048576K
}
Event: 8591.493 GC heap before
{Heap before GC invocations=1222 (full 57):
 garbage-first heap   total 333824K, used 261950K [0x0000000740000000, 0x0000000800000000)
  region size 1024K, 60 young (61440K), 4 survivors (4096K)
 Metaspace       used 128364K, capacity 130171K, committed 132988K, reserved 1163264K
  class space    used 17532K, capacity 18278K, committed 19328K, reserved 1048576K
}
Event: 8591.496 GC heap after
{Heap after GC invocations=1223 (full 57):
 garbage-first heap   total 333824K, used 205570K [0x0000000740000000, 0x0000000800000000)
  region size 1024K, 4 young (4096K), 4 survivors (4096K)
 Metaspace       used 128364K, capacity 130171K, committed 132988K, reserved 1163264K
  class space    used 17532K, capacity 18278K, committed 19328K, reserved 1048576K
}

Deoptimization events (10 events):
Event: 8556.514 Thread 0x0000020ab58e1000 Uncommon trap: reason=class_check action=maybe_recompile pc=0x0000020acb130f04 method=com.jidesoft.editor.CodeEditor.getIntegerOffsetToX(I)I @ 205 c2
Event: 8556.514 Thread 0x0000020ab58e1000 Uncommon trap: reason=class_check action=maybe_recompile pc=0x0000020acaa656b4 method=com.jidesoft.editor.CodeEditor.viewToModelPosition(Lcom/jidesoft/editor/caret/CaretPosition;)Lcom/jidesoft/editor/caret/CaretPosition; @ 43 c2
Event: 8556.514 Thread 0x0000020ab58e1000 Uncommon trap: reason=class_check action=maybe_recompile pc=0x0000020acb130f04 method=com.jidesoft.editor.CodeEditor.getIntegerOffsetToX(I)I @ 205 c2
Event: 8556.515 Thread 0x0000020ab58e1000 Uncommon trap: reason=class_check action=maybe_recompile pc=0x0000020acb00babc method=com.jidesoft.editor.c.<init>(Lcom/jidesoft/editor/CodeEditor;I)V @ 40 c2
Event: 8556.515 Thread 0x0000020ab58e1000 Uncommon trap: reason=unstable_if action=reinterpret pc=0x0000020acb8f3588 method=ui.utils.swing.Q.z(Ljava/awt/Container;)V @ 192 c2
Event: 8561.560 Thread 0x0000020ab58e1000 Uncommon trap: reason=unstable_if action=reinterpret pc=0x0000020acb291970 method=sun.java2d.pipe.Region.clipBoxToBounds([I)V @ 7 c2
Event: 8571.615 Thread 0x0000020ab58e1000 Uncommon trap: reason=unstable_if action=reinterpret pc=0x0000020acb06c0e8 method=com.jidesoft.editor.CodeEditor.modelToViewPosition(Lcom/jidesoft/editor/caret/CaretPosition;)Lcom/jidesoft/editor/caret/CaretPosition; @ 62 c2
Event: 8571.615 Thread 0x0000020ab58e1000 Uncommon trap: reason=unstable_if action=reinterpret pc=0x0000020acae681e0 method=com.jidesoft.editor.CodeEditor.modelPositionToOffset(Lcom/jidesoft/editor/caret/CaretPosition;)I @ 126 c2
Event: 8571.615 Thread 0x0000020ab58e1000 Uncommon trap: reason=unstable_if action=reinterpret pc=0x0000020acae75bdc method=com.jidesoft.editor.CodeEditor.viewToModelPosition(Lcom/jidesoft/editor/caret/CaretPosition;)Lcom/jidesoft/editor/caret/CaretPosition; @ 26 c2
Event: 8584.223 Thread 0x0000020ab58e1000 Uncommon trap: reason=bimorphic_or_optimized_type_check action=maybe_recompile pc=0x0000020acb6649e0 method=javax.swing.text.ParagraphView$Row.modelToView(ILjava/awt/Shape;Ljavax/swing/text/Position$Bias;)Ljava/awt/Shape; @ 24 c2

Classes redefined (0 events):
No events

Internal exceptions (10 events):
Event: 8073.470 Thread 0x0000020ab58e1000 Exception <a 'java/io/FileNotFoundException'{0x00000007512fb9d0}> (0x00000007512fb9d0) thrown at [t:/workspace/open/src/hotspot/share/prims/jni.cpp, line 615]
Event: 8078.472 Thread 0x0000020ab58e1000 Exception <a 'java/io/FileNotFoundException'{0x0000000750e9aac0}> (0x0000000750e9aac0) thrown at [t:/workspace/open/src/hotspot/share/prims/jni.cpp, line 615]
Event: 8083.472 Thread 0x0000020ab58e1000 Exception <a 'java/io/FileNotFoundException'{0x0000000754333690}> (0x0000000754333690) thrown at [t:/workspace/open/src/hotspot/share/prims/jni.cpp, line 615]
Event: 8088.474 Thread 0x0000020ab58e1000 Exception <a 'java/io/FileNotFoundException'{0x00000007541a8e88}> (0x00000007541a8e88) thrown at [t:/workspace/open/src/hotspot/share/prims/jni.cpp, line 615]
Event: 8093.475 Thread 0x0000020ab58e1000 Exception <a 'java/io/FileNotFoundException'{0x0000000753d71e10}> (0x0000000753d71e10) thrown at [t:/workspace/open/src/hotspot/share/prims/jni.cpp, line 615]
Event: 8098.476 Thread 0x0000020ab58e1000 Exception <a 'java/io/FileNotFoundException'{0x0000000753bb73f8}> (0x0000000753bb73f8) thrown at [t:/workspace/open/src/hotspot/share/prims/jni.cpp, line 615]
Event: 8103.477 Thread 0x0000020ab58e1000 Exception <a 'java/io/FileNotFoundException'{0x00000007537c6fe8}> (0x00000007537c6fe8) thrown at [t:/workspace/open/src/hotspot/share/prims/jni.cpp, line 615]
Event: 8108.478 Thread 0x0000020ab58e1000 Exception <a 'java/io/FileNotFoundException'{0x00000007535cf580}> (0x00000007535cf580) thrown at [t:/workspace/open/src/hotspot/share/prims/jni.cpp, line 615]
Event: 8113.479 Thread 0x0000020ab58e1000 Exception <a 'java/io/FileNotFoundException'{0x0000000752f9fb00}> (0x0000000752f9fb00) thrown at [t:/workspace/open/src/hotspot/share/prims/jni.cpp, line 615]
Event: 8199.451 Thread 0x0000020b91282800 Exception <a 'java/lang/InterruptedException'{0x0000000752ac0260}: sleep interrupted> (0x0000000752ac0260) thrown at [t:/workspace/open/src/hotspot/share/prims/jvm.cpp, line 3091]

Events (10 events):
Event: 8592.704 Thread 0x0000020b9127e800 Thread added: 0x0000020b9127e800
Event: 8592.707 Thread 0x0000020b9127e800 Thread exited: 0x0000020b9127e800
Event: 8593.705 Thread 0x0000020b9127f000 Thread added: 0x0000020b9127f000
Event: 8593.705 Thread 0x0000020b91280000 Thread added: 0x0000020b91280000
Event: 8593.707 Executing VM operation: RevokeBias
Event: 8593.725 Executing VM operation: RevokeBias done
Event: 8593.725 Thread 0x0000020b9127f000 Thread exited: 0x0000020b9127f000
Event: 8593.725 Thread 0x0000020b91280000 Thread exited: 0x0000020b91280000
Event: 8594.706 Thread 0x0000020b9127d800 Thread added: 0x0000020b9127d800
Event: 8594.708 Thread 0x0000020b9127d800 Thread exited: 0x0000020b9127d800


Dynamic libraries:
0x00007ff648ae0000 - 0x00007ff648b11000 	C:\Xilinx\Vivado\2021.1\bin\unwrapped\win64.o\vivado.exe
0x00007ffef6a70000 - 0x00007ffef6c68000 	C:\WINDOWS\SYSTEM32\ntdll.dll
0x00007ffef60a0000 - 0x00007ffef615f000 	C:\WINDOWS\System32\KERNEL32.DLL
0x00007ffef47a0000 - 0x00007ffef4a7a000 	C:\WINDOWS\System32\KERNELBASE.dll
0x00007ffef4590000 - 0x00007ffef4690000 	C:\WINDOWS\System32\ucrtbase.dll
0x00007ffee8440000 - 0x00007ffee84ce000 	C:\WINDOWS\SYSTEM32\MSVCP140.dll
0x00007ffee8500000 - 0x00007ffee851b000 	C:\WINDOWS\SYSTEM32\VCRUNTIME140.dll
0x00007ffef1630000 - 0x00007ffef1648000 	C:\Xilinx\Vivado\2021.1\lib\win64.o\librdi_commonmain.dll
0x00007ffe886a0000 - 0x00007ffe8994a000 	C:\Xilinx\Vivado\2021.1\lib\win64.o\librdi_common.dll
0x00007ffef4ad0000 - 0x00007ffef4c6d000 	C:\WINDOWS\System32\USER32.dll
0x00007ffee68b0000 - 0x00007ffee68bc000 	C:\WINDOWS\SYSTEM32\VCRUNTIME140_1.dll
0x00007ffef41f0000 - 0x00007ffef4212000 	C:\WINDOWS\System32\win32u.dll
0x00007ffee9b70000 - 0x00007ffee9b91000 	C:\Xilinx\Vivado\2021.1\lib\win64.o\libboost_filesystem.dll
0x00007ffef1b60000 - 0x00007ffef1b69000 	C:\Xilinx\Vivado\2021.1\lib\win64.o\librdi_commonversion.dll
0x00007ffef6770000 - 0x00007ffef679b000 	C:\WINDOWS\System32\GDI32.dll
0x00007ffef6520000 - 0x00007ffef65ce000 	C:\WINDOWS\System32\ADVAPI32.dll
0x00007ffec7180000 - 0x00007ffec731c000 	C:\Xilinx\Vivado\2021.1\lib\win64.o\librdi_commonxillic.dll
0x00007ffef4690000 - 0x00007ffef47a0000 	C:\WINDOWS\System32\gdi32full.dll
0x00007ffef4e40000 - 0x00007ffef4ede000 	C:\WINDOWS\System32\msvcrt.dll
0x00007ffef6660000 - 0x00007ffef66cb000 	C:\WINDOWS\System32\WS2_32.dll
0x00007ffef42d0000 - 0x00007ffef436d000 	C:\WINDOWS\System32\msvcp_win.dll
0x00007ffef66d0000 - 0x00007ffef676c000 	C:\WINDOWS\System32\sechost.dll
0x000000006e130000 - 0x000000006e25b000 	C:\Xilinx\Vivado\2021.1\lib\win64.o\tcl85t.dll
0x00007ffef63f0000 - 0x00007ffef6516000 	C:\WINDOWS\System32\RPCRT4.dll
0x00007ffef58d0000 - 0x00007ffef6014000 	C:\WINDOWS\System32\SHELL32.dll
0x00007ffef4560000 - 0x00007ffef4587000 	C:\WINDOWS\System32\bcrypt.dll
0x00007ffee9c00000 - 0x00007ffee9c11000 	C:\Xilinx\Vivado\2021.1\lib\win64.o\libboost_date_time.dll
0x00007ffe96f60000 - 0x00007ffe972ce000 	C:\Xilinx\Vivado\2021.1\lib\win64.o\libCOIN-all.dll
0x00007ffec7e80000 - 0x00007ffec7ef9000 	C:\Xilinx\Vivado\2021.1\lib\win64.o\libboost_program_options.dll
0x00007ffebba10000 - 0x00007ffebbb24000 	C:\Xilinx\Vivado\2021.1\lib\win64.o\libboost_regex.dll
0x00007ffee9a10000 - 0x00007ffee9a2c000 	C:\Xilinx\Vivado\2021.1\lib\win64.o\libboost_thread.dll
0x00007ffef10d0000 - 0x00007ffef10dc000 	C:\Xilinx\Vivado\2021.1\lib\win64.o\libboost_xilinx.dll
0x00007ffec7080000 - 0x00007ffec7102000 	C:\Xilinx\Vivado\2021.1\lib\win64.o\libhdlpsolve.dll
0x00007ffec6f40000 - 0x00007ffec6fe5000 	C:\Xilinx\Vivado\2021.1\lib\win64.o\libhdxml.dll
0x00007ffee99c0000 - 0x00007ffee99ea000 	C:\Xilinx\Vivado\2021.1\lib\win64.o\libisl_sysinfo.dll
0x00007ffe876f0000 - 0x00007ffe88691200 	C:\Xilinx\Vivado\2021.1\lib\win64.o\libisl_iostreams.dll
0x00007ffee5f80000 - 0x00007ffee5fe5000 	C:\Xilinx\Vivado\2021.1\lib\win64.o\liblmx6.0.dll
0x00007ffee99a0000 - 0x00007ffee99ba000 	C:\Xilinx\Vivado\2021.1\lib\win64.o\pthreadVC2.dll
0x00007ffee98f0000 - 0x00007ffee990c000 	C:\Xilinx\Vivado\2021.1\lib\win64.o\librdiconfig.dll
0x00007ffed5760000 - 0x00007ffed5781000 	C:\Xilinx\Vivado\2021.1\lib\win64.o\librdizlib.dll
0x00007ffef6160000 - 0x00007ffef61b5000 	C:\WINDOWS\System32\SHLWAPI.dll
0x0000000012000000 - 0x0000000012270000 	C:\Xilinx\Vivado\2021.1\lib\win64.o\xerces-c_3_1.dll
0x00007ffe94fe0000 - 0x00007ffe952f6000 	C:\Xilinx\Vivado\2021.1\lib\win64.o\libXil_lmgr11.dll
0x00007ffef62e0000 - 0x00007ffef63ba000 	C:\WINDOWS\System32\COMDLG32.dll
0x00007ffee81a0000 - 0x00007ffee81b9000 	C:\WINDOWS\SYSTEM32\NETAPI32.dll
0x00007ffee60f0000 - 0x00007ffee65c9000 	C:\WINDOWS\SYSTEM32\WININET.dll
0x00007ffef5550000 - 0x00007ffef58a4000 	C:\WINDOWS\System32\combase.dll
0x00007ffeed760000 - 0x00007ffeed86a000 	C:\WINDOWS\SYSTEM32\WINHTTP.dll
0x00007ffef4d90000 - 0x00007ffef4e3d000 	C:\WINDOWS\System32\shcore.dll
0x00007ffee2800000 - 0x00007ffee29ec000 	C:\WINDOWS\SYSTEM32\urlmon.dll
0x00007ffef5480000 - 0x00007ffef554d000 	C:\WINDOWS\System32\OLEAUT32.dll
0x00007ffec5500000 - 0x00007ffec5509000 	C:\WINDOWS\SYSTEM32\WSOCK32.dll
0x00007ffef4ee0000 - 0x00007ffef500a000 	C:\WINDOWS\System32\ole32.dll
0x00007ffed3170000 - 0x00007ffed31a1000 	C:\WINDOWS\SYSTEM32\VCOMP140.DLL
0x00007ffef4180000 - 0x00007ffef41e7000 	C:\WINDOWS\System32\WINTRUST.dll
0x00007ffe803e0000 - 0x00007ffe822f7000 	C:\Xilinx\Vivado\2021.1\lib\win64.o\gurobi90.dll
0x00007ffef4370000 - 0x00007ffef44c6000 	C:\WINDOWS\System32\CRYPT32.dll
0x00007ffed5740000 - 0x00007ffed5758000 	C:\Xilinx\Vivado\2021.1\lib\win64.o\libboost_iostreams.dll
0x00007ffed56c0000 - 0x00007ffed56e4000 	C:\Xilinx\Vivado\2021.1\lib\win64.o\libisl_iosutils.dll
0x00007ffef69d0000 - 0x00007ffef6a26000 	C:\WINDOWS\System32\WLDAP32.dll
0x00007ffef6030000 - 0x00007ffef6038000 	C:\WINDOWS\System32\Normaliz.dll
0x00007ffed8440000 - 0x00007ffed86f1000 	C:\WINDOWS\SYSTEM32\iertutil.dll
0x00007ffef2e40000 - 0x00007ffef2e68000 	C:\WINDOWS\SYSTEM32\srvcli.dll
0x00007ffef36f0000 - 0x00007ffef36fc000 	C:\WINDOWS\SYSTEM32\netutils.dll
0x00007ffec6c60000 - 0x00007ffec6d10000 	C:\WINDOWS\WinSxS\amd64_microsoft.windows.common-controls_6595b64144ccf1df_5.82.19041.1110_none_792d1c772443f647\COMCTL32.dll
0x00007ffeef020000 - 0x00007ffeef03d000 	C:\WINDOWS\SYSTEM32\dhcpcsvc.DLL
0x00007ffef4080000 - 0x00007ffef40ae000 	C:\WINDOWS\SYSTEM32\USERENV.dll
0x00007ffef3940000 - 0x00007ffef39aa000 	C:\WINDOWS\SYSTEM32\MSWSOCK.DLL
0x00007ffef63c0000 - 0x00007ffef63f0000 	C:\WINDOWS\System32\IMM32.DLL
0x00007ffef3d70000 - 0x00007ffef3d82000 	C:\WINDOWS\SYSTEM32\MSASN1.dll
0x0000020a99490000 - 0x0000020a994a4000 	C:\WINDOWS\System32\umppc16606.dll
0x00007ffef1eb0000 - 0x00007ffef1ec2000 	C:\WINDOWS\SYSTEM32\kernel.appcore.dll
0x00007ffe94660000 - 0x00007ffe94b93000 	C:\Xilinx\Vivado\2021.1\lib\win64.o\librdi_commontasks.dll
0x00007ffe8a680000 - 0x00007ffe8b1a3000 	C:\Xilinx\Vivado\2021.1\tps\win64\jre11.0.2\bin\server\jvm.dll
0x00007ffef4c70000 - 0x00007ffef4c78000 	C:\WINDOWS\System32\PSAPI.DLL
0x00007ffe8dc70000 - 0x00007ffe8df90000 	C:\Xilinx\Vivado\2021.1\lib\win64.o\librdi_sio.dll
0x00007ffeed330000 - 0x00007ffeed33a000 	C:\WINDOWS\SYSTEM32\VERSION.dll
0x00007ffee60c0000 - 0x00007ffee60e7000 	C:\WINDOWS\SYSTEM32\WINMM.dll
0x00007ffef35e0000 - 0x00007ffef361c000 	C:\WINDOWS\SYSTEM32\IPHLPAPI.DLL
0x00007ffef2190000 - 0x00007ffef2923000 	C:\WINDOWS\SYSTEM32\windows.storage.dll
0x00007ffef3be0000 - 0x00007ffef3c0e000 	C:\WINDOWS\SYSTEM32\Wldp.dll
0x00007ffe6aef0000 - 0x00007ffe6da80000 	C:\Xilinx\Vivado\2021.1\lib\win64.o\librdi_tcltasks.dll
0x00007ffe89bb0000 - 0x00007ffe8a080000 	C:\Xilinx\Vivado\2021.1\lib\win64.o\librdi_bitstream.dll
0x00007ffea9f40000 - 0x00007ffeaa0f8000 	C:\Xilinx\Vivado\2021.1\lib\win64.o\librdi_board.dll
0x00007ffec7000000 - 0x00007ffec707e000 	C:\Xilinx\Vivado\2021.1\lib\win64.o\librdi_boarddep.dll
0x00007ffebcaa0000 - 0x00007ffebcb97000 	C:\Xilinx\Vivado\2021.1\lib\win64.o\librdi_chipscope.dll
0x00007ffe9c870000 - 0x00007ffe9ca66000 	C:\Xilinx\Vivado\2021.1\lib\win64.o\librdi_chipscopeimpl.dll
0x00007ffe69040000 - 0x00007ffe6aee4000 	C:\Xilinx\Vivado\2021.1\lib\win64.o\librdi_constraints.dll
0x00007ffe96e00000 - 0x00007ffe96f5f000 	C:\Xilinx\Vivado\2021.1\lib\win64.o\librdi_containers.dll
0x00007ffe66b30000 - 0x00007ffe69039000 	C:\Xilinx\Vivado\2021.1\lib\win64.o\librdi_coregen.dll
0x00007ffe7f930000 - 0x00007ffe80050000 	C:\Xilinx\Vivado\2021.1\lib\win64.o\librdi_coregenipxact.dll
0x00007ffe64d10000 - 0x00007ffe66b2c000 	C:\Xilinx\Vivado\2021.1\lib\win64.o\librdi_designutils.dll
0x00007ffe48f50000 - 0x00007ffe64d10000 	C:\Xilinx\Vivado\2021.1\lib\win64.o\librdi_device.dll
0x00007ffe7f5c0000 - 0x00007ffe7f921000 	C:\Xilinx\Vivado\2021.1\lib\win64.o\librdi_dlyest.dll
0x00007ffe488c0000 - 0x00007ffe48f45000 	C:\Xilinx\Vivado\2021.1\lib\win64.o\librdi_drc.dll
0x00007ffea78b0000 - 0x00007ffea7965000 	C:\Xilinx\Vivado\2021.1\lib\win64.o\librdi_dsp.dll
0x00007ffe48240000 - 0x00007ffe488bb000 	C:\Xilinx\Vivado\2021.1\lib\win64.o\librdi_filemgmt.dll
0x00007ffe873c0000 - 0x00007ffe876e7000 	C:\Xilinx\Vivado\2021.1\lib\win64.o\librdi_guitools.dll
0x00007ffebe5b0000 - 0x00007ffebe619000 	C:\Xilinx\Vivado\2021.1\lib\win64.o\librdi_hdf.dll
0x00007ffe86c70000 - 0x00007ffe86ef7000 	C:\Xilinx\Vivado\2021.1\lib\win64.o\librdi_hip_devdesign.dll
0x00007ffe96cb0000 - 0x00007ffe96df7000 	C:\Xilinx\Vivado\2021.1\lib\win64.o\librdi_hip_perf_analysis.dll
0x00007ffe46bb0000 - 0x00007ffe4823a000 	C:\Xilinx\Vivado\2021.1\lib\win64.o\librdi_implflow.dll
0x00007ffe94550000 - 0x00007ffe9465b000 	C:\Xilinx\Vivado\2021.1\lib\win64.o\librdi_ipconfig_readwrite.dll
0x00007ffe46560000 - 0x00007ffe46bae000 	C:\Xilinx\Vivado\2021.1\lib\win64.o\librdi_memdata.dll
0x00007ffebe330000 - 0x00007ffebe3a3000 	C:\Xilinx\Vivado\2021.1\lib\win64.o\librdi_memoryarray.dll
0x00007ffe44060000 - 0x00007ffe4655b000 	C:\Xilinx\Vivado\2021.1\lib\win64.o\librdi_mig.dll
0x00007ffe43920000 - 0x00007ffe44058000 	C:\Xilinx\Vivado\2021.1\lib\win64.o\librdi_netlist.dll
0x00007ffea3740000 - 0x00007ffea37b0000 	C:\Xilinx\Vivado\2021.1\lib\win64.o\librdi_noc_frameworks.dll
0x00007ffea0b90000 - 0x00007ffea0be6000 	C:\Xilinx\Vivado\2021.1\lib\win64.o\librdi_pfi.dll
0x00007ffe406b0000 - 0x00007ffe43915000 	C:\Xilinx\Vivado\2021.1\lib\win64.o\librdi_place.dll
0x00007ffe7eeb0000 - 0x00007ffe7f261000 	C:\Xilinx\Vivado\2021.1\lib\win64.o\librdi_platform.dll
0x00007ffe3fe10000 - 0x00007ffe406ac000 	C:\Xilinx\Vivado\2021.1\lib\win64.o\librdi_power.dll
0x00007ffe3f740000 - 0x00007ffe3fe10000 	C:\Xilinx\Vivado\2021.1\lib\win64.o\librdi_project.dll
0x00007ffe3f010000 - 0x00007ffe3f739000 	C:\Xilinx\Vivado\2021.1\lib\win64.o\librdi_psta.dll
0x00007ffe3e770000 - 0x00007ffe3f005000 	C:\Xilinx\Vivado\2021.1\lib\win64.o\librdi_rsb.dll
0x00007ffe3e230000 - 0x00007ffe3e761000 	C:\Xilinx\Vivado\2021.1\lib\win64.o\librdi_runs.dll
0x00007ffe90b60000 - 0x00007ffe90c75000 	C:\Xilinx\Vivado\2021.1\lib\win64.o\librdi_runsbase.dll
0x00007ffe7f340000 - 0x00007ffe7f5b8000 	C:\Xilinx\Vivado\2021.1\lib\win64.o\librdi_simdata.dll
0x00007ffe3d180000 - 0x00007ffe3e22c000 	C:\Xilinx\Vivado\2021.1\lib\win64.o\librdi_timing.dll
0x00007ffe8db50000 - 0x00007ffe8dc64000 	C:\Xilinx\Vivado\2021.1\lib\win64.o\librdi_xhub.dll
0x00007ffe94f30000 - 0x00007ffe94fd7000 	C:\Xilinx\Vivado\2021.1\lib\win64.o\librdi_xhubtasks.dll
0x00007ffe3c650000 - 0x00007ffe3d176000 	C:\Xilinx\Vivado\2021.1\lib\win64.o\librdi_cdoutil.dll
0x00007ffe8a490000 - 0x00007ffe8a675000 	C:\Xilinx\Vivado\2021.1\lib\win64.o\librdi_advchipscopeimpl.dll
0x00007ffec7b60000 - 0x00007ffec7ba4000 	C:\Xilinx\Vivado\2021.1\lib\win64.o\libboost_serialization.dll
0x00007ffec76b0000 - 0x00007ffec76fa000 	C:\Xilinx\Vivado\2021.1\lib\win64.o\libboost_graph.dll
0x00007ffe8d950000 - 0x00007ffe8da8f000 	C:\Xilinx\Vivado\2021.1\lib\win64.o\librdi_bda.dll
0x00007ffe3be30000 - 0x00007ffe3c64a000 	C:\Xilinx\Vivado\2021.1\lib\win64.o\librdi_ippcw.dll
0x00007ffe3b2d0000 - 0x00007ffe3be26000 	C:\Xilinx\Vivado\2021.1\lib\win64.o\libverific.dll

dbghelp: loaded successfully - version: 4.0.5 - missing functions: none
symbol engine: initialized successfully - sym options: 0x614 - pdb path: .;C:\Xilinx\Vivado\2021.1\bin\unwrapped\win64.o;C:\WINDOWS\SYSTEM32;C:\Xilinx\Vivado\2021.1\lib\win64.o;C:\WINDOWS\WinSxS\amd64_microsoft.windows.common-controls_6595b64144ccf1df_5.82.19041.1110_none_792d1c772443f647;C:\Xilinx\Vivado\2021.1\tps\win64\jre11.0.2\bin\server;C:\Xilinx\Vivado\2021.1\tps\win64\python-3.8.3;C:\Xilinx\Vivado\2021.1\tps\win64\jre11.0.2\bin;C:\WINDOWS\WinSxS\amd64_microsoft.windows.common-controls_6595b64144ccf1df_6.0.19041.1110_none_60b5254171f9507e

VM Arguments:
jvm_args: -Dsun.java2d.pmoffscreen=false -Dhttps.protocols=TLSv1,TLSv1.1,TLSv1.2 -Dsun.java2d.xrender=false -Dsun.java2d.d3d=false -Dsun.awt.nopixfmt=true -Dsun.java2d.dpiaware=true -Dsun.java2d.uiScale.enabled=false -Xverify:none -Dswing.aatext=true -XX:-UsePerfData -Djdk.map.althashing.threshold=512 -XX:StringTableSize=4072 --add-opens=java.base/java.nio=ALL-UNNAMED --add-opens=java.desktop/sun.swing=ALL-UNNAMED --add-opens=java.desktop/javax.swing=ALL-UNNAMED --add-opens=java.desktop/javax.swing.tree=ALL-UNNAMED --add-opens=java.desktop/javax.swing.plaf.basic=ALL-UNNAMED --add-opens=java.desktop/javax.swing.plaf.synth=ALL-UNNAMED --add-opens=java.desktop/com.sun.awt=ALL-UNNAMED -XX:NewSize=60m -XX:MaxNewSize=60m -Xms256m -Xmx3072m -Xss5m 
java_command: <unknown>
java_class_path (initial): C:/Xilinx/Vivado/2021.1\lib\classes\alloy.jar;C:/Xilinx/Vivado/2021.1\lib\classes\autoesl-models.jar;C:/Xilinx/Vivado/2021.1\lib\classes\autopilot.scelaborator.jar;C:/Xilinx/Vivado/2021.1\lib\classes\autopilot.sourceprocessor.jar;C:/Xilinx/Vivado/2021.1\lib\classes\autopilot.tbprocessor.jar;C:/Xilinx/Vivado/2021.1\lib\classes\batik-anim.jar;C:/Xilinx/Vivado/2021.1\lib\classes\batik-awt-util.jar;C:/Xilinx/Vivado/2021.1\lib\classes\batik-bridge.jar;C:/Xilinx/Vivado/2021.1\lib\classes\batik-codec.jar;C:/Xilinx/Vivado/2021.1\lib\classes\batik-css.jar;C:/Xilinx/Vivado/2021.1\lib\classes\batik-dom.jar;C:/Xilinx/Vivado/2021.1\lib\classes\batik-ext.jar;C:/Xilinx/Vivado/2021.1\lib\classes\batik-gui-util.jar;C:/Xilinx/Vivado/2021.1\lib\classes\batik-gvt.jar;C:/Xilinx/Vivado/2021.1\lib\classes\batik-parser.jar;C:/Xilinx/Vivado/2021.1\lib\classes\batik-script.jar;C:/Xilinx/Vivado/2021.1\lib\classes\batik-svg-dom.jar;C:/Xilinx/Vivado/2021.1\lib\classes\batik-svggen.jar;C:/Xilinx/Vivado/2021.1\lib\classes\batik-swing.jar;C:/Xilinx/Vivado/2021.1\lib\classes\batik-transcoder.jar;C:/Xilinx/Vivado/2021.1\lib\classes\batik-util.jar;C:/Xilinx/Vivado/2021.1\lib\classes\batik-xml.jar;C:/Xilinx/Vivado/2021.1\lib\classes\com.google.gson_2.8.2.v20180104-1110.jar;C:/Xilinx/Vivado/2021.1\lib\classes\com.google.guava_27.1.0.v20190517-1946.jar;C:/Xilinx/Vivado/2021.1\lib\classes\com.ibm.icu_4.4.2.v20110208.jar;C:/Xilinx/Vivado/2021.1\lib\classes\com.sigasi.hdt.connection_4.11.0.202105170810.jar;C:/Xilinx/Vivado/2021.1\lib\classes\com.sigasi.hdt.epl_4.11.0.202105170810.jar;C:/Xilinx/Vivado/2021.1\lib\classes\com.sigasi.hdt.project_4.11.0.202105170810.jar;C:/Xilinx/Vivado/2021.1\lib\classes\com.sigasi.hdt.readonlyfilesystem_4.11.0.202105170810.jar;C:/Xilinx/Vivado/2021.1\lib\classes\com.sigasi.hdt.shared_4.11.0.202105170810.jar;C:/Xilinx/Vivado/2021.1\lib\classes\com.sigasi.lcm_4.11.0.202105170810.jar;C:/Xilinx/Vivado/2021.1\lib\classes\com.sigasi.sdk.client_4.11.0.20
Launcher Type: generic

[Global flags]
     bool BytecodeVerificationLocal                = false                                     {product} {command line}
     bool BytecodeVerificationRemote               = false                                     {product} {command line}
     intx CICompilerCount                          = 4                                         {product} {ergonomic}
     uint ConcGCThreads                            = 3                                         {product} {ergonomic}
     uint G1ConcRefinementThreads                  = 10                                        {product} {ergonomic}
   size_t G1HeapRegionSize                         = 1048576                                   {product} {ergonomic}
    uintx GCDrainStackTargetSize                   = 64                                        {product} {ergonomic}
   size_t InitialHeapSize                          = 268435456                                 {product} {command line}
   size_t MarkStackSize                            = 4194304                                   {product} {ergonomic}
   size_t MaxHeapSize                              = 3221225472                                {product} {command line}
   size_t MaxNewSize                               = 62914560                                  {product} {command line}
   size_t MinHeapDeltaBytes                        = 1048576                                   {product} {ergonomic}
   size_t NewSize                                  = 62914560                                  {product} {command line}
    uintx NonNMethodCodeHeapSize                   = 5835340                                {pd product} {ergonomic}
    uintx NonProfiledCodeHeapSize                  = 122911450                              {pd product} {ergonomic}
    uintx ProfiledCodeHeapSize                     = 122911450                              {pd product} {ergonomic}
    uintx ReservedCodeCacheSize                    = 251658240                              {pd product} {ergonomic}
     bool SegmentedCodeCache                       = true                                      {product} {ergonomic}
    uintx StringTableSize                          = 4072                                      {product} {command line}
     intx ThreadStackSize                          = 5120                                   {pd product} {command line}
     bool UseCompressedClassPointers               = true                                 {lp64_product} {ergonomic}
     bool UseCompressedOops                        = true                                 {lp64_product} {ergonomic}
     bool UseG1GC                                  = true                                      {product} {ergonomic}
     bool UseLargePagesIndividualAllocation        = false                                  {pd product} {ergonomic}
     bool UsePerfData                              = false                                     {product} {command line}

Logging:
Log output configuration:
 #0: stdout all=warning uptime,level,tags
 #1: stderr all=off uptime,level,tags

Environment Variables:
PATH=C:/Xilinx/Vivado/2021.1\gnuwin\bin;C:/Xilinx/Vivado/2021.1\gnu\microblaze\nt\bin;C:/Xilinx/Vivado/2021.1/bin;C:/Xilinx/Vivado/2021.1/tps/win64/javafx-sdk-11.0.2/lib;C:/Xilinx/Vivado/2021.1/tps/win64/javafx-sdk-11.0.2/bin;C:/Xilinx/Vivado/2021.1/lib/win64.o;C:/Xilinx/Vivado/2021.1/tps/win64/jre11.0.2/bin/server;C:/Xilinx/Vivado/2021.1/tps/win64/jre11.0.2/bin;C:/Xilinx/Vivado/2021.1/ids_lite/ISE/bin/nt64;C:/Xilinx/Vivado/2021.1/ids_lite/ISE/lib/nt64;C:/Xilinx/Vitis_HLS/2021.1/bin;C:\Program Files\Microsoft\jdk-11.0.12.7-hotspot\bin;C:\Windows\system32;C:\Windows;C:\Windows\System32\Wbem;C:\Windows\System32\WindowsPowerShell\v1.0\;C:\Windows\System32\OpenSSH\;C:\Program Files (x86)\Intel\Intel(R) Management Engine Components\DAL;C:\Program Files\Intel\Intel(R) Management Engine Components\DAL;C:\Program Files\Microsoft SQL Server\150\Tools\Binn\;C:\Program Files\Microsoft SQL Server\Client SDK\ODBC\170\Tools\Binn\;C:\Program Files\dotnet\;%SystemRoot%\system32;%SystemRoot%;%SystemRoot%\System32\Wbem;%SYSTEMROOT%\System32\WindowsPowerShell\v1.0\;%SYSTEMROOT%\System32\OpenSSH\;C:\Users\taf27\AppData\Local\Microsoft\WindowsApps;C:\Users\taf27\AppData\Local\Programs\Git\cmd;C:/Xilinx/Vivado/2021.1\tps\mingw\6.2.0\win64.o\nt\bin;C:/Xilinx/Vivado/2021.1\tps\mingw\6.2.0\win64.o\nt\libexec\gcc\x86_64-w64-mingw32\6.2.0;C:/Xilinx/Vivado/2021.1\tps\win64\python-3.8.3;C:/Xilinx/Vivado/2021.1\tps\win64\python-3.8.3\bin;C:/Xilinx/Vivado/2021.1\tps\win64\python-3.8.3\lib;C:/Xilinx/Vivado/2021.1\tps\win64\python-3.8.3\lib\site-packages
USERNAME=taf27
OS=Windows_NT
PROCESSOR_IDENTIFIER=Intel64 Family 6 Model 167 Stepping 1, GenuineIntel



---------------  S Y S T E M  ---------------

OS: Windows 10 , 64 bit Build 19041 (10.0.19041.2788)

CPU:total 12 (initial active 12) (6 cores per cpu, 2 threads per core) family 6 model 167 stepping 1, cmov, cx8, fxsr, mmx, sse, sse2, sse3, ssse3, sse4.1, sse4.2, popcnt, avx, avx2, aes, clmul, erms, 3dnowpref, lzcnt, ht, tsc, tscinvbit, bmi1, bmi2, adx, evex, sha, fma

Memory: 4k page, system-wide physical 16109M (8134M free)
TotalPageFile size 18541M (AvailPageFile size 6659M)
current process WorkingSet (physical memory assigned to process): 1209M, peak: 4235M
current process commit charge ("private bytes"): 4578M, peak: 9788568M

vm_info: OpenJDK 64-Bit Server VM (11.0.2+9) for windows-amd64 JRE (11.0.2+9), built on Jan 18 2019 05:23:22 by "mach5one" with MS VC++ 15.5 (VS2017)

END.
