
*** Running vivado
    with args -log Wrapper.vds -m64 -product Vivado -mode batch -messageDb vivado.pb -notrace -source Wrapper.tcl



****** Vivado v2021.1 (64-bit)
  **** SW Build 3247384 on Thu Jun 10 19:36:33 MDT 2021
  **** IP Build 3246043 on Fri Jun 11 00:30:35 MDT 2021
    ** Copyright 1986-2021 Xilinx, Inc. All Rights Reserved.

source Wrapper.tcl -notrace
Command: synth_design -top Wrapper -part xc7a100tcsg324-1
Starting synth_design
Attempting to get a license for feature 'Synthesis' and/or device 'xc7a100t'
INFO: [Common 17-349] Got license for feature 'Synthesis' and/or device 'xc7a100t'
INFO: [Device 21-403] Loading part xc7a100tcsg324-1
INFO: [Synth 8-7079] Multithreading enabled for synth_design using a maximum of 2 processes.
INFO: [Synth 8-7078] Launching helper process for spawning children vivado processes
INFO: [Synth 8-7075] Helper process launched with PID 19724
WARNING: [Synth 8-992] E_branched_jumped is already implicitly declared earlier [C:/Users/taf27/350-Project/processor.v:209]
WARNING: [Synth 8-1935] empty port in module declaration [C:/Users/taf27/350-Project/processor.v:42]
WARNING: [Synth 8-6901] identifier 'E_branched_jumped' is used before its declaration [C:/Users/taf27/350-Project/processor.v:100]
WARNING: [Synth 8-6901] identifier 'E_PC_target' is used before its declaration [C:/Users/taf27/350-Project/processor.v:100]
WARNING: [Synth 8-6901] identifier 'W_we' is used before its declaration [C:/Users/taf27/350-Project/processor.v:121]
WARNING: [Synth 8-6901] identifier 'W_rd' is used before its declaration [C:/Users/taf27/350-Project/processor.v:122]
WARNING: [Synth 8-6901] identifier 'W_write_data' is used before its declaration [C:/Users/taf27/350-Project/processor.v:126]
WARNING: [Synth 8-6901] identifier 'W_insn' is used before its declaration [C:/Users/taf27/350-Project/processor.v:162]
WARNING: [Synth 8-6901] identifier 'W_insn' is used before its declaration [C:/Users/taf27/350-Project/processor.v:162]
WARNING: [Synth 8-6901] identifier 'W_insn' is used before its declaration [C:/Users/taf27/350-Project/processor.v:162]
WARNING: [Synth 8-6901] identifier 'M_insn' is used before its declaration [C:/Users/taf27/350-Project/processor.v:163]
WARNING: [Synth 8-6901] identifier 'M_insn' is used before its declaration [C:/Users/taf27/350-Project/processor.v:163]
WARNING: [Synth 8-6901] identifier 'M_insn' is used before its declaration [C:/Users/taf27/350-Project/processor.v:163]
WARNING: [Synth 8-6901] identifier 'M_rd' is used before its declaration [C:/Users/taf27/350-Project/processor.v:164]
WARNING: [Synth 8-6901] identifier 'W_rd' is used before its declaration [C:/Users/taf27/350-Project/processor.v:165]
WARNING: [Synth 8-6901] identifier 'M_rd' is used before its declaration [C:/Users/taf27/350-Project/processor.v:166]
WARNING: [Synth 8-6901] identifier 'W_rd' is used before its declaration [C:/Users/taf27/350-Project/processor.v:167]
WARNING: [Synth 8-6901] identifier 'M_alu_out' is used before its declaration [C:/Users/taf27/350-Project/processor.v:172]
WARNING: [Synth 8-6901] identifier 'W_write_data' is used before its declaration [C:/Users/taf27/350-Project/processor.v:173]
WARNING: [Synth 8-6901] identifier 'M_alu_out' is used before its declaration [C:/Users/taf27/350-Project/processor.v:175]
WARNING: [Synth 8-6901] identifier 'W_write_data' is used before its declaration [C:/Users/taf27/350-Project/processor.v:176]
WARNING: [Synth 8-6901] identifier 'MD_ready' is used before its declaration [C:/Users/taf27/350-Project/processor.v:240]
WARNING: [Synth 8-6901] identifier 'MD_input_insn' is used before its declaration [C:/Users/taf27/350-Project/processor.v:244]
WARNING: [Synth 8-6901] identifier 'MD_input_insn' is used before its declaration [C:/Users/taf27/350-Project/processor.v:245]
WARNING: [Synth 8-6901] identifier 'W_rd' is used before its declaration [C:/Users/taf27/350-Project/processor.v:317]
WARNING: [Synth 8-6901] identifier 'W_write_data' is used before its declaration [C:/Users/taf27/350-Project/processor.v:318]
---------------------------------------------------------------------------------
Starting RTL Elaboration : Time (s): cpu = 00:00:03 ; elapsed = 00:00:03 . Memory (MB): peak = 1330.145 ; gain = 0.000
---------------------------------------------------------------------------------
INFO: [Synth 8-6157] synthesizing module 'Wrapper' [C:/Users/taf27/350-Project/Wrapper.v:27]
INFO: [Synth 8-6157] synthesizing module 'processor' [C:/Users/taf27/350-Project/processor.v:20]
INFO: [Synth 8-6157] synthesizing module 'pc_latch' [C:/Users/taf27/350-Project/pc_latch.v:1]
INFO: [Synth 8-6157] synthesizing module 'dffe_ref_falling' [C:/Users/taf27/350-Project/dffe_ref_falling.v:1]
INFO: [Synth 8-6155] done synthesizing module 'dffe_ref_falling' (1#1) [C:/Users/taf27/350-Project/dffe_ref_falling.v:1]
INFO: [Synth 8-6155] done synthesizing module 'pc_latch' (2#1) [C:/Users/taf27/350-Project/pc_latch.v:1]
INFO: [Synth 8-6157] synthesizing module 'CLA_16' [C:/Users/taf27/350-Project/CLA_16.v:1]
WARNING: [Synth 8-324] index 4 out of range [C:/Users/taf27/350-Project/CLA_16.v:13]
INFO: [Synth 8-6157] synthesizing module 'CLA_8' [C:/Users/taf27/350-Project/CLA_8.v:2]
INFO: [Synth 8-6155] done synthesizing module 'CLA_8' (3#1) [C:/Users/taf27/350-Project/CLA_8.v:2]
INFO: [Synth 8-6155] done synthesizing module 'CLA_16' (4#1) [C:/Users/taf27/350-Project/CLA_16.v:1]
INFO: [Synth 8-6157] synthesizing module 'fd_latch' [C:/Users/taf27/350-Project/fd_latch.v:1]
INFO: [Synth 8-6155] done synthesizing module 'fd_latch' (5#1) [C:/Users/taf27/350-Project/fd_latch.v:1]
INFO: [Synth 8-6157] synthesizing module 'dx_latch' [C:/Users/taf27/350-Project/dx_latch.v:1]
INFO: [Synth 8-6155] done synthesizing module 'dx_latch' (6#1) [C:/Users/taf27/350-Project/dx_latch.v:1]
INFO: [Synth 8-6157] synthesizing module 'alu' [C:/Users/taf27/350-Project/alu.v:1]
INFO: [Synth 8-6157] synthesizing module 'mux_8' [C:/Users/taf27/350-Project/mux_8.v:1]
INFO: [Synth 8-6157] synthesizing module 'mux_4' [C:/Users/taf27/350-Project/mux_4.v:1]
INFO: [Synth 8-6157] synthesizing module 'mux_2' [C:/Users/taf27/350-Project/mux_2.v:1]
INFO: [Synth 8-6155] done synthesizing module 'mux_2' (7#1) [C:/Users/taf27/350-Project/mux_2.v:1]
INFO: [Synth 8-6155] done synthesizing module 'mux_4' (8#1) [C:/Users/taf27/350-Project/mux_4.v:1]
INFO: [Synth 8-6155] done synthesizing module 'mux_8' (9#1) [C:/Users/taf27/350-Project/mux_8.v:1]
INFO: [Synth 8-6157] synthesizing module 'CLA_32' [C:/Users/taf27/350-Project/CLA_32.v:1]
INFO: [Synth 8-6155] done synthesizing module 'CLA_32' (10#1) [C:/Users/taf27/350-Project/CLA_32.v:1]
INFO: [Synth 8-6157] synthesizing module 'LeftShift' [C:/Users/taf27/350-Project/LeftShift.v:1]
INFO: [Synth 8-6157] synthesizing module 'mux_2_1' [C:/Users/taf27/350-Project/mux_2_1.v:1]
INFO: [Synth 8-6155] done synthesizing module 'mux_2_1' (11#1) [C:/Users/taf27/350-Project/mux_2_1.v:1]
INFO: [Synth 8-6155] done synthesizing module 'LeftShift' (12#1) [C:/Users/taf27/350-Project/LeftShift.v:1]
INFO: [Synth 8-6157] synthesizing module 'RightShift' [C:/Users/taf27/350-Project/RightShift.v:1]
INFO: [Synth 8-6155] done synthesizing module 'RightShift' (13#1) [C:/Users/taf27/350-Project/RightShift.v:1]
INFO: [Synth 8-6157] synthesizing module 'And_32' [C:/Users/taf27/350-Project/And_32.v:1]
INFO: [Synth 8-6155] done synthesizing module 'And_32' (14#1) [C:/Users/taf27/350-Project/And_32.v:1]
INFO: [Synth 8-6157] synthesizing module 'Or_32' [C:/Users/taf27/350-Project/Or_32.v:1]
INFO: [Synth 8-6155] done synthesizing module 'Or_32' (15#1) [C:/Users/taf27/350-Project/Or_32.v:1]
INFO: [Synth 8-6155] done synthesizing module 'alu' (16#1) [C:/Users/taf27/350-Project/alu.v:1]
INFO: [Synth 8-6157] synthesizing module 'xm_latch' [C:/Users/taf27/350-Project/xm_latch.v:1]
INFO: [Synth 8-6155] done synthesizing module 'xm_latch' (17#1) [C:/Users/taf27/350-Project/xm_latch.v:1]
INFO: [Synth 8-6157] synthesizing module 'multdiv' [C:/Users/taf27/350-Project/multdiv.v:1]
INFO: [Synth 8-6157] synthesizing module 'multiplier' [C:/Users/taf27/350-Project/multiplier.v:1]
INFO: [Synth 8-6157] synthesizing module 'counter_32' [C:/Users/taf27/350-Project/counter_32.v:1]
INFO: [Synth 8-6157] synthesizing module 'tffe' [C:/Users/taf27/350-Project/tffe_ref.v:1]
INFO: [Synth 8-6157] synthesizing module 'dffe_ref' [C:/Users/taf27/350-Project/dffe_ref.v:1]
INFO: [Synth 8-6155] done synthesizing module 'dffe_ref' (18#1) [C:/Users/taf27/350-Project/dffe_ref.v:1]
INFO: [Synth 8-6155] done synthesizing module 'tffe' (19#1) [C:/Users/taf27/350-Project/tffe_ref.v:1]
INFO: [Synth 8-6155] done synthesizing module 'counter_32' (20#1) [C:/Users/taf27/350-Project/counter_32.v:1]
INFO: [Synth 8-6157] synthesizing module 'reg_32' [C:/Users/taf27/350-Project/reg_32.v:1]
INFO: [Synth 8-6155] done synthesizing module 'reg_32' (21#1) [C:/Users/taf27/350-Project/reg_32.v:1]
INFO: [Synth 8-6157] synthesizing module 'reg_65' [C:/Users/taf27/350-Project/reg_65.v:1]
INFO: [Synth 8-6155] done synthesizing module 'reg_65' (22#1) [C:/Users/taf27/350-Project/reg_65.v:1]
INFO: [Synth 8-6155] done synthesizing module 'multiplier' (23#1) [C:/Users/taf27/350-Project/multiplier.v:1]
INFO: [Synth 8-6157] synthesizing module 'divider' [C:/Users/taf27/350-Project/divider.v:1]
INFO: [Synth 8-6157] synthesizing module 'twos_complement' [C:/Users/taf27/350-Project/twos_complement.v:1]
INFO: [Synth 8-6155] done synthesizing module 'twos_complement' (24#1) [C:/Users/taf27/350-Project/twos_complement.v:1]
INFO: [Synth 8-6157] synthesizing module 'reg_64' [C:/Users/taf27/350-Project/reg_64.v:1]
INFO: [Synth 8-6155] done synthesizing module 'reg_64' (25#1) [C:/Users/taf27/350-Project/reg_64.v:1]
INFO: [Synth 8-6155] done synthesizing module 'divider' (26#1) [C:/Users/taf27/350-Project/divider.v:1]
WARNING: [Synth 8-7071] port 'started' of module 'divider' is unconnected for instance 'div' [C:/Users/taf27/350-Project/multdiv.v:45]
WARNING: [Synth 8-7023] instance 'div' of module 'divider' has 9 connections declared, but only 8 given [C:/Users/taf27/350-Project/multdiv.v:45]
INFO: [Synth 8-6155] done synthesizing module 'multdiv' (27#1) [C:/Users/taf27/350-Project/multdiv.v:1]
INFO: [Synth 8-6157] synthesizing module 'pw_latch' [C:/Users/taf27/350-Project/pw_latch.v:1]
INFO: [Synth 8-6155] done synthesizing module 'pw_latch' (28#1) [C:/Users/taf27/350-Project/pw_latch.v:1]
INFO: [Synth 8-6157] synthesizing module 'mw_latch' [C:/Users/taf27/350-Project/mw_latch.v:1]
INFO: [Synth 8-6155] done synthesizing module 'mw_latch' (29#1) [C:/Users/taf27/350-Project/mw_latch.v:1]
WARNING: [Synth 8-308] ignoring empty port [C:/Users/taf27/350-Project/processor.v:44]
INFO: [Synth 8-6155] done synthesizing module 'processor' (30#1) [C:/Users/taf27/350-Project/processor.v:20]
WARNING: [Synth 8-7023] instance 'CPU' of module 'processor' has 16 connections declared, but only 15 given [C:/Users/taf27/350-Project/Wrapper.v:51]
INFO: [Synth 8-6157] synthesizing module 'ROM' [C:/Users/taf27/350-Project/ROM.v:2]
	Parameter MEMFILE bound to: 88'b0111001101110100011001010111000001110000011001010111001000101110011011010110010101101101 
CRITICAL WARNING: [Synth 8-4445] could not open $readmem data file 'stepper.mem'; please make sure the file is added to project and has read permission, ignoring [C:/Users/taf27/350-Project/ROM.v:11]
	1: Unable to determine number of words or word size in RAM. 
	2: No valid read/write found for RAM. 
RAM dissolved into registers
INFO: [Synth 8-6155] done synthesizing module 'ROM' (31#1) [C:/Users/taf27/350-Project/ROM.v:2]
INFO: [Synth 8-6157] synthesizing module 'regfile' [C:/Users/taf27/350-Project/regfile.v:1]
INFO: [Synth 8-6157] synthesizing module 'tristate' [C:/Users/taf27/350-Project/tristate.v:1]
INFO: [Synth 8-6155] done synthesizing module 'tristate' (32#1) [C:/Users/taf27/350-Project/tristate.v:1]
INFO: [Synth 8-6157] synthesizing module 'decoder_32' [C:/Users/taf27/350-Project/decoder_32.v:1]
INFO: [Synth 8-6157] synthesizing module 'mux_32' [C:/Users/taf27/350-Project/mux_32.v:1]
INFO: [Synth 8-6155] done synthesizing module 'mux_32' (33#1) [C:/Users/taf27/350-Project/mux_32.v:1]
INFO: [Synth 8-6155] done synthesizing module 'decoder_32' (34#1) [C:/Users/taf27/350-Project/decoder_32.v:1]
INFO: [Synth 8-6155] done synthesizing module 'regfile' (35#1) [C:/Users/taf27/350-Project/regfile.v:1]
INFO: [Synth 8-6157] synthesizing module 'RAM' [C:/Users/taf27/350-Project/RAM.v:15]
INFO: [Synth 8-6155] done synthesizing module 'RAM' (36#1) [C:/Users/taf27/350-Project/RAM.v:15]
INFO: [Synth 8-6157] synthesizing module 'IO' [C:/Users/taf27/350-Project/IO.v:1]
INFO: [Synth 8-6157] synthesizing module 'Stepper' [C:/Users/taf27/350-Project/stepper.v:2]
INFO: [Synth 8-6155] done synthesizing module 'Stepper' (37#1) [C:/Users/taf27/350-Project/stepper.v:2]
INFO: [Synth 8-6155] done synthesizing module 'IO' (38#1) [C:/Users/taf27/350-Project/IO.v:1]
INFO: [Synth 8-6155] done synthesizing module 'Wrapper' (39#1) [C:/Users/taf27/350-Project/Wrapper.v:27]
---------------------------------------------------------------------------------
Finished RTL Elaboration : Time (s): cpu = 00:00:05 ; elapsed = 00:00:05 . Memory (MB): peak = 1334.324 ; gain = 4.180
---------------------------------------------------------------------------------
---------------------------------------------------------------------------------
Start Handling Custom Attributes
---------------------------------------------------------------------------------
---------------------------------------------------------------------------------
Finished Handling Custom Attributes : Time (s): cpu = 00:00:06 ; elapsed = 00:00:06 . Memory (MB): peak = 1334.324 ; gain = 4.180
---------------------------------------------------------------------------------
---------------------------------------------------------------------------------
Finished RTL Optimization Phase 1 : Time (s): cpu = 00:00:06 ; elapsed = 00:00:06 . Memory (MB): peak = 1334.324 ; gain = 4.180
---------------------------------------------------------------------------------
Netlist sorting complete. Time (s): cpu = 00:00:01 ; elapsed = 00:00:00.327 . Memory (MB): peak = 1334.324 ; gain = 0.000
INFO: [Project 1-570] Preparing netlist for logic optimization

Processing XDC Constraints
Initializing timing engine
Parsing XDC File [C:/Users/taf27/350-Project/350-Project/350-Project.srcs/constrs_1/new/master.xdc]
Finished Parsing XDC File [C:/Users/taf27/350-Project/350-Project/350-Project.srcs/constrs_1/new/master.xdc]
INFO: [Project 1-236] Implementation specific constraints were found while reading constraint file [C:/Users/taf27/350-Project/350-Project/350-Project.srcs/constrs_1/new/master.xdc]. These constraints will be ignored for synthesis but will be used in implementation. Impacted constraints are listed in the file [.Xil/Wrapper_propImpl.xdc].
Resolution: To avoid this warning, move constraints listed in [.Xil/Wrapper_propImpl.xdc] to another XDC file and exclude this new file from synthesis with the used_in_synthesis property (File Properties dialog in GUI) and re-run elaboration/synthesis.
Completed Processing XDC Constraints

Netlist sorting complete. Time (s): cpu = 00:00:00 ; elapsed = 00:00:00.008 . Memory (MB): peak = 1572.582 ; gain = 0.000
INFO: [Project 1-111] Unisim Transformation Summary:
No Unisim elements were transformed.

Constraint Validation Runtime : Time (s): cpu = 00:00:00 ; elapsed = 00:00:00.019 . Memory (MB): peak = 1572.582 ; gain = 0.000
---------------------------------------------------------------------------------
Finished Constraint Validation : Time (s): cpu = 00:00:14 ; elapsed = 00:00:14 . Memory (MB): peak = 1572.582 ; gain = 242.438
---------------------------------------------------------------------------------
---------------------------------------------------------------------------------
Start Loading Part and Timing Information
---------------------------------------------------------------------------------
Loading part: xc7a100tcsg324-1
---------------------------------------------------------------------------------
Finished Loading Part and Timing Information : Time (s): cpu = 00:00:14 ; elapsed = 00:00:14 . Memory (MB): peak = 1572.582 ; gain = 242.438
---------------------------------------------------------------------------------
---------------------------------------------------------------------------------
Start Applying 'set_property' XDC Constraints
---------------------------------------------------------------------------------
---------------------------------------------------------------------------------
Finished applying 'set_property' XDC Constraints : Time (s): cpu = 00:00:14 ; elapsed = 00:00:14 . Memory (MB): peak = 1572.582 ; gain = 242.438
---------------------------------------------------------------------------------
INFO: [Synth 8-3971] The signal "RAM:/MemoryArray_reg" was recognized as a true dual port RAM template.
---------------------------------------------------------------------------------
Finished RTL Optimization Phase 2 : Time (s): cpu = 00:00:18 ; elapsed = 00:00:18 . Memory (MB): peak = 1572.582 ; gain = 242.438
---------------------------------------------------------------------------------
---------------------------------------------------------------------------------
Start RTL Component Statistics 
---------------------------------------------------------------------------------
Detailed RTL Component Info : 
+---XORs : 
	   3 Input      1 Bit         XORs := 240   
	   2 Input      1 Bit         XORs := 129   
+---Registers : 
	               32 Bit    Registers := 3     
	               22 Bit    Registers := 1     
	                1 Bit    Registers := 1852  
+---RAMs : 
	             128K Bit	(4096 X 32 bit)          RAMs := 1     
+---Muxes : 
	   2 Input   65 Bit        Muxes := 2     
	   2 Input   32 Bit        Muxes := 131   
	   2 Input   22 Bit        Muxes := 2     
	   2 Input   12 Bit        Muxes := 4     
	   3 Input    5 Bit        Muxes := 2     
	   2 Input    5 Bit        Muxes := 7     
	   2 Input    3 Bit        Muxes := 2     
	   3 Input    2 Bit        Muxes := 1     
	   2 Input    1 Bit        Muxes := 326   
---------------------------------------------------------------------------------
Finished RTL Component Statistics 
---------------------------------------------------------------------------------
---------------------------------------------------------------------------------
Start Part Resource Summary
---------------------------------------------------------------------------------
Part Resources:
DSPs: 240 (col length:80)
BRAMs: 270 (col length: RAMB18 80 RAMB36 40)
---------------------------------------------------------------------------------
Finished Part Resource Summary
---------------------------------------------------------------------------------
---------------------------------------------------------------------------------
Start Cross Boundary and Area Optimization
---------------------------------------------------------------------------------
---------------------------------------------------------------------------------
Finished Cross Boundary and Area Optimization : Time (s): cpu = 00:00:38 ; elapsed = 00:00:38 . Memory (MB): peak = 1572.582 ; gain = 242.438
---------------------------------------------------------------------------------
---------------------------------------------------------------------------------
Start ROM, RAM, DSP, Shift Register and Retiming Reporting
---------------------------------------------------------------------------------

Block RAM: Preliminary Mapping Report (see note below)
+------------+-------------------------+------------------------+---+---+------------------------+---+---+------------------+--------+--------+
|Module Name | RTL Object              | PORT A (Depth x Width) | W | R | PORT B (Depth x Width) | W | R | Ports driving FF | RAMB18 | RAMB36 | 
+------------+-------------------------+------------------------+---+---+------------------------+---+---+------------------+--------+--------+
|Wrapper     | ProcMem/MemoryArray_reg | 4 K x 32(NO_CHANGE)    | W | R | 4 K x 32(WRITE_FIRST)  |   | R | Port A and B     | 0      | 4      | 
+------------+-------------------------+------------------------+---+---+------------------------+---+---+------------------+--------+--------+

Note: The table above is a preliminary report that shows the Block RAMs at the current stage of the synthesis flow. Some Block RAMs may be reimplemented as non Block RAM primitives later in the synthesis flow. Multiple instantiated Block RAMs are reported only once. 
---------------------------------------------------------------------------------
Finished ROM, RAM, DSP, Shift Register and Retiming Reporting
---------------------------------------------------------------------------------
---------------------------------------------------------------------------------
Start Applying XDC Timing Constraints
---------------------------------------------------------------------------------
---------------------------------------------------------------------------------
Finished Applying XDC Timing Constraints : Time (s): cpu = 00:00:42 ; elapsed = 00:00:42 . Memory (MB): peak = 1572.582 ; gain = 242.438
---------------------------------------------------------------------------------
---------------------------------------------------------------------------------
Start Timing Optimization
---------------------------------------------------------------------------------
---------------------------------------------------------------------------------
Finished Timing Optimization : Time (s): cpu = 00:00:43 ; elapsed = 00:00:44 . Memory (MB): peak = 1572.582 ; gain = 242.438
---------------------------------------------------------------------------------
---------------------------------------------------------------------------------
Start ROM, RAM, DSP, Shift Register and Retiming Reporting
---------------------------------------------------------------------------------

Block RAM: Final Mapping Report
+------------+-------------------------+------------------------+---+---+------------------------+---+---+------------------+--------+--------+
|Module Name | RTL Object              | PORT A (Depth x Width) | W | R | PORT B (Depth x Width) | W | R | Ports driving FF | RAMB18 | RAMB36 | 
+------------+-------------------------+------------------------+---+---+------------------------+---+---+------------------+--------+--------+
|Wrapper     | ProcMem/MemoryArray_reg | 4 K x 32(NO_CHANGE)    | W | R | 4 K x 32(WRITE_FIRST)  |   | R | Port A and B     | 0      | 4      | 
+------------+-------------------------+------------------------+---+---+------------------------+---+---+------------------+--------+--------+

---------------------------------------------------------------------------------
Finished ROM, RAM, DSP, Shift Register and Retiming Reporting
---------------------------------------------------------------------------------
---------------------------------------------------------------------------------
Start Technology Mapping
---------------------------------------------------------------------------------
INFO: [Synth 8-7052] The timing for the instance ProcMem/MemoryArray_reg_0 (implemented as a Block RAM) might be sub-optimal as no optional output register could be merged into the ram block. Providing additional output register may help in improving timing.
INFO: [Synth 8-7052] The timing for the instance ProcMem/MemoryArray_reg_1 (implemented as a Block RAM) might be sub-optimal as no optional output register could be merged into the ram block. Providing additional output register may help in improving timing.
INFO: [Synth 8-7052] The timing for the instance ProcMem/MemoryArray_reg_2 (implemented as a Block RAM) might be sub-optimal as no optional output register could be merged into the ram block. Providing additional output register may help in improving timing.
INFO: [Synth 8-7052] The timing for the instance ProcMem/MemoryArray_reg_3 (implemented as a Block RAM) might be sub-optimal as no optional output register could be merged into the ram block. Providing additional output register may help in improving timing.
---------------------------------------------------------------------------------
Finished Technology Mapping : Time (s): cpu = 00:00:43 ; elapsed = 00:00:44 . Memory (MB): peak = 1572.582 ; gain = 242.438
---------------------------------------------------------------------------------
---------------------------------------------------------------------------------
Start IO Insertion
---------------------------------------------------------------------------------
---------------------------------------------------------------------------------
Start Flattening Before IO Insertion
---------------------------------------------------------------------------------
---------------------------------------------------------------------------------
Finished Flattening Before IO Insertion
---------------------------------------------------------------------------------
---------------------------------------------------------------------------------
Start Final Netlist Cleanup
---------------------------------------------------------------------------------
---------------------------------------------------------------------------------
Finished Final Netlist Cleanup
---------------------------------------------------------------------------------
---------------------------------------------------------------------------------
Finished IO Insertion : Time (s): cpu = 00:00:46 ; elapsed = 00:00:46 . Memory (MB): peak = 1572.582 ; gain = 242.438
---------------------------------------------------------------------------------
---------------------------------------------------------------------------------
Start Renaming Generated Instances
---------------------------------------------------------------------------------
---------------------------------------------------------------------------------
Finished Renaming Generated Instances : Time (s): cpu = 00:00:46 ; elapsed = 00:00:46 . Memory (MB): peak = 1572.582 ; gain = 242.438
---------------------------------------------------------------------------------
---------------------------------------------------------------------------------
Start Rebuilding User Hierarchy
---------------------------------------------------------------------------------
---------------------------------------------------------------------------------
Finished Rebuilding User Hierarchy : Time (s): cpu = 00:00:46 ; elapsed = 00:00:46 . Memory (MB): peak = 1572.582 ; gain = 242.438
---------------------------------------------------------------------------------
---------------------------------------------------------------------------------
Start Renaming Generated Ports
---------------------------------------------------------------------------------
---------------------------------------------------------------------------------
Finished Renaming Generated Ports : Time (s): cpu = 00:00:46 ; elapsed = 00:00:46 . Memory (MB): peak = 1572.582 ; gain = 242.438
---------------------------------------------------------------------------------
---------------------------------------------------------------------------------
Start Handling Custom Attributes
---------------------------------------------------------------------------------
---------------------------------------------------------------------------------
Finished Handling Custom Attributes : Time (s): cpu = 00:00:46 ; elapsed = 00:00:46 . Memory (MB): peak = 1572.582 ; gain = 242.438
---------------------------------------------------------------------------------
---------------------------------------------------------------------------------
Start Renaming Generated Nets
---------------------------------------------------------------------------------
---------------------------------------------------------------------------------
Finished Renaming Generated Nets : Time (s): cpu = 00:00:46 ; elapsed = 00:00:46 . Memory (MB): peak = 1572.582 ; gain = 242.438
---------------------------------------------------------------------------------
---------------------------------------------------------------------------------
Start Writing Synthesis Report
---------------------------------------------------------------------------------

Report BlackBoxes: 
+-+--------------+----------+
| |BlackBox name |Instances |
+-+--------------+----------+
+-+--------------+----------+

Report Cell Usage: 
+------+---------+------+
|      |Cell     |Count |
+------+---------+------+
|1     |BUFG     |     1|
|2     |CARRY4   |     8|
|3     |LUT1     |     4|
|4     |LUT2     |    29|
|5     |LUT3     |    10|
|6     |LUT4     |    55|
|7     |LUT5     |    21|
|8     |LUT6     |   144|
|9     |RAMB36E1 |     4|
|10    |FDCE     |   194|
|11    |FDRE     |    42|
|12    |FDSE     |     5|
|13    |IBUF     |     2|
|14    |OBUF     |     6|
+------+---------+------+
---------------------------------------------------------------------------------
Finished Writing Synthesis Report : Time (s): cpu = 00:00:46 ; elapsed = 00:00:46 . Memory (MB): peak = 1572.582 ; gain = 242.438
---------------------------------------------------------------------------------
Synthesis finished with 0 errors, 0 critical warnings and 0 warnings.
Synthesis Optimization Runtime : Time (s): cpu = 00:00:35 ; elapsed = 00:00:41 . Memory (MB): peak = 1572.582 ; gain = 4.180
Synthesis Optimization Complete : Time (s): cpu = 00:00:46 ; elapsed = 00:00:46 . Memory (MB): peak = 1572.582 ; gain = 242.438
INFO: [Project 1-571] Translating synthesized netlist
Netlist sorting complete. Time (s): cpu = 00:00:00 ; elapsed = 00:00:00.007 . Memory (MB): peak = 1572.582 ; gain = 0.000
INFO: [Netlist 29-17] Analyzing 12 Unisim elements for replacement
INFO: [Netlist 29-28] Unisim Transformation completed in 0 CPU seconds
INFO: [Project 1-570] Preparing netlist for logic optimization
INFO: [Opt 31-138] Pushed 0 inverter(s) to 0 load pin(s).
Netlist sorting complete. Time (s): cpu = 00:00:00 ; elapsed = 00:00:00.001 . Memory (MB): peak = 1572.582 ; gain = 0.000
INFO: [Project 1-111] Unisim Transformation Summary:
No Unisim elements were transformed.

Synth Design complete, checksum: e19e8db2
INFO: [Common 17-83] Releasing license: Synthesis
98 Infos, 31 Warnings, 1 Critical Warnings and 0 Errors encountered.
synth_design completed successfully
synth_design: Time (s): cpu = 00:00:49 ; elapsed = 00:00:50 . Memory (MB): peak = 1572.582 ; gain = 242.438
INFO: [runtcl-6] Synthesis results are not added to the cache due to CRITICAL_WARNING
INFO: [Common 17-1381] The checkpoint 'C:/Users/taf27/350-Project/350-Project/350-Project.runs/synth_1/Wrapper.dcp' has been generated.
INFO: [runtcl-4] Executing : report_utilization -file Wrapper_utilization_synth.rpt -pb Wrapper_utilization_synth.pb
INFO: [Common 17-206] Exiting Vivado at Sat Apr 15 18:07:29 2023...
